*** Starting uWSGI 2.0.18 (64bit) on [Wed May 29 11:46:28 2019] ***
compiled with version: 5.4.0 20160609 on 28 May 2019 14:46:11
os: Linux-4.4.0-130-generic #156-Ubuntu SMP Thu Jun 14 08:53:28 UTC 2018
nodename: VM-0-14-ubuntu
machine: x86_64
clock source: unix
detected number of CPU cores: 1
current working directory: /home/ubuntu/EasyTest
writing pidfile to uwsgi.pid
detected binary path: /usr/local/bin/uwsgi
!!! no internal routing support, rebuild with pcre support !!!
uWSGI running as root, you can use --uid/--gid/--chroot options
*** WARNING: you are running uWSGI as root !!! (use the --uid flag) *** 
chdir() to /home/ubuntu/EasyTest
your processes number limit is 7331
your memory page size is 4096 bytes
detected max file descriptor number: 1024
lock engine: pthread robust mutexes
thunder lock: disabled (you can enable it with --thunder-lock)
uwsgi socket 0 bound to TCP address 127.0.0.1:8080 fd 3
uWSGI running as root, you can use --uid/--gid/--chroot options
*** WARNING: you are running uWSGI as root !!! (use the --uid flag) *** 
Python version: 3.5.2 (default, Nov 12 2018, 13:43:14)  [GCC 5.4.0 20160609]
Python main interpreter initialized at 0x24b9ec0
uWSGI running as root, you can use --uid/--gid/--chroot options
*** WARNING: you are running uWSGI as root !!! (use the --uid flag) *** 
python threads support enabled
your server socket listen backlog is limited to 100 connections
your mercy for graceful operations on workers is 60 seconds
mapped 416720 bytes (406 KB) for 8 cores
*** Operational MODE: preforking+threaded ***
failed to open python file /home/ubuntu/EasyTest/wsgi.py
unable to load app 0 (mountpoint='') (callable not found or import error)
*** no app loaded. going in full dynamic mode ***
uWSGI running as root, you can use --uid/--gid/--chroot options
*** WARNING: you are running uWSGI as root !!! (use the --uid flag) *** 
*** uWSGI is running in multiple interpreter mode ***
spawned uWSGI master process (pid: 20399)
spawned uWSGI worker 1 (pid: 20400, cores: 2)
spawned uWSGI worker 2 (pid: 20401, cores: 2)
spawned uWSGI worker 3 (pid: 20402, cores: 2)
spawned uWSGI worker 4 (pid: 20403, cores: 2)
*** Starting uWSGI 2.0.18 (64bit) on [Wed May 29 11:47:03 2019] ***
compiled with version: 5.4.0 20160609 on 28 May 2019 14:46:11
os: Linux-4.4.0-130-generic #156-Ubuntu SMP Thu Jun 14 08:53:28 UTC 2018
nodename: VM-0-14-ubuntu
machine: x86_64
clock source: unix
detected number of CPU cores: 1
current working directory: /home/ubuntu/EasyTest
writing pidfile to uwsgi.pid
detected binary path: /usr/local/bin/uwsgi
!!! no internal routing support, rebuild with pcre support !!!
uWSGI running as root, you can use --uid/--gid/--chroot options
*** WARNING: you are running uWSGI as root !!! (use the --uid flag) *** 
chdir() to /home/ubuntu/EasyTest
your processes number limit is 7331
your memory page size is 4096 bytes
detected max file descriptor number: 1024
lock engine: pthread robust mutexes
thunder lock: disabled (you can enable it with --thunder-lock)
probably another instance of uWSGI is running on the same address (127.0.0.1:8080).
bind(): Address already in use [core/socket.c line 769]
*** Starting uWSGI 2.0.18 (64bit) on [Wed May 29 13:09:41 2019] ***
compiled with version: 5.4.0 20160609 on 28 May 2019 14:46:11
os: Linux-4.4.0-130-generic #156-Ubuntu SMP Thu Jun 14 08:53:28 UTC 2018
nodename: VM-0-14-ubuntu
machine: x86_64
clock source: unix
detected number of CPU cores: 1
current working directory: /home/ubuntu/EasyTest
writing pidfile to uwsgi.pid
detected binary path: /usr/local/bin/uwsgi
!!! no internal routing support, rebuild with pcre support !!!
uWSGI running as root, you can use --uid/--gid/--chroot options
*** WARNING: you are running uWSGI as root !!! (use the --uid flag) *** 
chdir() to /home/ubuntu/EasyTest
your processes number limit is 7331
your memory page size is 4096 bytes
detected max file descriptor number: 1024
lock engine: pthread robust mutexes
thunder lock: disabled (you can enable it with --thunder-lock)
probably another instance of uWSGI is running on the same address (127.0.0.1:8080).
bind(): Address already in use [core/socket.c line 769]
Wed May 29 13:45:14 2019 - uWSGI worker 1 screams: UAAAAAAH my master disconnected: i will kill myself !!!
Wed May 29 13:45:14 2019 - uWSGI worker 3 screams: UAAAAAAH my master disconnected: i will kill myself !!!
Wed May 29 13:45:14 2019 - uWSGI worker 2 screams: UAAAAAAH my master disconnected: i will kill myself !!!
Wed May 29 13:45:14 2019 - uWSGI worker 4 screams: UAAAAAAH my master disconnected: i will kill myself !!!
Wed May 29 13:45:14 2019 - uWSGI worker 1 screams: UAAAAAAH my master disconnected: i will kill myself !!!
Wed May 29 13:45:14 2019 - uWSGI worker 3 screams: UAAAAAAH my master disconnected: i will kill myself !!!
Wed May 29 13:45:14 2019 - uWSGI worker 2 screams: UAAAAAAH my master disconnected: i will kill myself !!!
Wed May 29 13:45:14 2019 - uWSGI worker 4 screams: UAAAAAAH my master disconnected: i will kill myself !!!
