[2019-05-30 23:18:35,424: WARNING/MainProcess] /home/ubuntu/.virtualenvs/env/lib/python3.5/site-packages/celery/apps/worker.py:161: CDeprecationWarning: 
Starting from version 3.2 Celery will refuse to accept pickle by default.

The pickle serializer is a security concern as it may give attackers
the ability to execute any command.  It's important to secure
your broker from unauthorized access when using pickle, so we think
that enabling pickle should require a deliberate action and not be
the default choice.

If you depend on pickle then you should set a setting to disable this
warning and to be sure that everything will continue working
when you upgrade to Celery 3.2::

    CELERY_ACCEPT_CONTENT = ['pickle', 'json', 'msgpack', 'yaml']

You must only enable the serializers that you will actually use.


  warnings.warn(CDeprecationWarning(W_PICKLE_DEPRECATED))
[2019-05-30 23:18:35,490: INFO/MainProcess] Connected to redis://127.0.0.1:6379//
[2019-05-30 23:18:35,497: INFO/MainProcess] mingle: searching for neighbors
[2019-05-30 23:18:36,503: INFO/MainProcess] mingle: sync with 1 nodes
[2019-05-30 23:18:36,505: INFO/MainProcess] mingle: sync complete
[2019-05-30 23:18:36,511: WARNING/MainProcess] /home/ubuntu/.virtualenvs/env/lib/python3.5/site-packages/celery/fixups/django.py:265: UserWarning: Using settings.DEBUG leads to a memory leak, never use this setting in production environments!
  warnings.warn('Using settings.DEBUG leads to a memory leak, never '
[2019-05-30 23:18:36,511: WARNING/MainProcess] w1@VM-0-14-ubuntu ready.
[2019-05-30 23:18:56,031: INFO/MainProcess] Received task: base.tasks.run_plan[577e7a21-70f5-4465-8ba9-786f94539cc5]
[2019-05-30 23:18:56,032: INFO/Worker-1] run plan------->执行测试计划中<--------------
[2019-05-30 23:18:56,036: WARNING/Worker-1] interface params:
[2019-05-30 23:18:56,036: WARNING/Worker-1] https://course.rest.xxbmm.com/games/top
[2019-05-30 23:18:56,036: WARNING/Worker-1] {'token': ''}
[2019-05-30 23:18:56,036: WARNING/Worker-1] {}
[2019-05-30 23:18:56,036: WARNING/Worker-1] data
[2019-05-30 23:18:56,230: WARNING/Worker-1] /home/ubuntu/.virtualenvs/env/lib/python3.5/site-packages/urllib3/connectionpool.py:851: InsecureRequestWarning: Unverified HTTPS request is being made. Adding certificate verification is strongly advised. See: https://urllib3.readthedocs.io/en/latest/advanced-usage.html#ssl-warnings
  InsecureRequestWarning)
[2019-05-30 23:18:56,327: WARNING/Worker-1] 200
[2019-05-30 23:18:56,327: WARNING/Worker-1] {"suc":true,"msg":"成功","data":[{"id":5,"name":"31-吸管的脚印 B","img":"https://coursecdn.xxbmm.com/xxbmm-course-image/2019/03/20/13/323fb520-498b-4d71-8905-af0bcc055182.jpg","description":"","pay_type":"FREE","tags_name":["休闲娱乐"]},{"id":6,"name":"27-立体的圣诞老人-bcopy","img":"https://coursecdn.xxbmm.com/xxbmm-course-image/2019/03/20/11/fe7a6312-90db-400f-8ae7-527b5b6311c4.jpg","description":"27-立体的圣诞老人-bcopy 描述","pay_type":null,"tags_name":["益智游戏"]},{"id":23,"name":"30-不一样的画笔 B","img":"https://coursecdn.xxbmm.com/xxbmm-course-image/2019/03/20/13/b92e7888-11c2-42c0-8f70-e091e92cf129.jpg","description":"30-不一样的画笔 B ","pay_type":"FREE","tags_name":[]}],"response_code":0}
[2019-05-30 23:18:56,327: INFO/Worker-1] interface response data: {'case_name': '游戏排行榜', 'case_id': '1', 'func_name': 'test_case', 'method_doc': '', 'step_list': [{'data_type': 'data', 'res_status_code': 200, 'is_sign': 0, 'if_id': '77', 'header': {'token': ''}, 'if_name': '游戏排行榜', 'body': {}, 'msg': {}, 'sign_type': 2, 'url': 'https://course.rest.xxbmm.com/games/top', 'res_content': {'msg': '成功', 'suc': True, 'response_code': 0, 'data': [{'pay_type': 'FREE', 'img': 'https://coursecdn.xxbmm.com/xxbmm-course-image/2019/03/20/13/323fb520-498b-4d71-8905-af0bcc055182.jpg', 'description': '', 'id': 5, 'name': '31-吸管的脚印 B', 'tags_name': ['休闲娱乐']}, {'pay_type': None, 'img': 'https://coursecdn.xxbmm.com/xxbmm-course-image/2019/03/20/11/fe7a6312-90db-400f-8ae7-527b5b6311c4.jpg', 'description': '27-立体的圣诞老人-bcopy 描述', 'id': 6, 'name': '27-立体的圣诞老人-bcopy', 'tags_name': ['益智游戏']}, {'pay_type': 'FREE', 'img': 'https://coursecdn.xxbmm.com/xxbmm-course-image/2019/03/20/13/b92e7888-11c2-42c0-8f70-e091e92cf129.jpg', 'description': '30-不一样的画笔 B ', 'id': 23, 'name': '30-不一样的画笔 B', 'tags_name': []}]}, 'interface_totalTime': '0.011394999999999999s', 'method': 'get', 'result': 'pass'}], 'class_name': '定时任务'}
[2019-05-30 23:18:56,454: INFO/Worker-1] 测试任务执行完成！
[2019-05-30 23:18:56,455: INFO/MainProcess] Task base.tasks.run_plan[577e7a21-70f5-4465-8ba9-786f94539cc5] succeeded in 0.42306202300824225s: None
[2019-05-30 23:19:43,599: INFO/MainProcess] sync with celery@VM-0-14-ubuntu
[2019-05-30 23:20:50,912: INFO/MainProcess] sync with beat@VM-0-14-ubuntu
[2019-05-30 23:22:23,217: INFO/MainProcess] sync with celery@VM-0-14-ubuntu
[2019-05-30 23:27:01,151: INFO/MainProcess] Received task: base.tasks.run_plan[f9fbdd8a-b61b-44a7-a2c7-1283e04c8c18]
[2019-05-30 23:27:01,151: INFO/Worker-1] run plan------->执行测试计划中<--------------
[2019-05-30 23:27:01,154: WARNING/Worker-1] interface params:
[2019-05-30 23:27:01,154: WARNING/Worker-1] https://course.rest.xxbmm.com/games/top
[2019-05-30 23:27:01,154: WARNING/Worker-1] {'token': ''}
[2019-05-30 23:27:01,154: WARNING/Worker-1] {}
[2019-05-30 23:27:01,154: WARNING/Worker-1] data
[2019-05-30 23:27:01,326: WARNING/Worker-1] /home/ubuntu/.virtualenvs/env/lib/python3.5/site-packages/urllib3/connectionpool.py:851: InsecureRequestWarning: Unverified HTTPS request is being made. Adding certificate verification is strongly advised. See: https://urllib3.readthedocs.io/en/latest/advanced-usage.html#ssl-warnings
  InsecureRequestWarning)
[2019-05-30 23:27:01,420: WARNING/Worker-1] 200
[2019-05-30 23:27:01,420: WARNING/Worker-1] {"suc":true,"msg":"成功","data":[{"id":5,"name":"31-吸管的脚印 B","img":"https://coursecdn.xxbmm.com/xxbmm-course-image/2019/03/20/13/323fb520-498b-4d71-8905-af0bcc055182.jpg","description":"","pay_type":"FREE","tags_name":["休闲娱乐"]},{"id":6,"name":"27-立体的圣诞老人-bcopy","img":"https://coursecdn.xxbmm.com/xxbmm-course-image/2019/03/20/11/fe7a6312-90db-400f-8ae7-527b5b6311c4.jpg","description":"27-立体的圣诞老人-bcopy 描述","pay_type":null,"tags_name":["益智游戏"]},{"id":23,"name":"30-不一样的画笔 B","img":"https://coursecdn.xxbmm.com/xxbmm-course-image/2019/03/20/13/b92e7888-11c2-42c0-8f70-e091e92cf129.jpg","description":"30-不一样的画笔 B ","pay_type":"FREE","tags_name":[]}],"response_code":0}
[2019-05-30 23:27:01,420: INFO/Worker-1] interface response data: {'case_name': '游戏排行榜', 'case_id': '1', 'func_name': 'test_case', 'method_doc': '', 'step_list': [{'data_type': 'data', 'res_status_code': 200, 'is_sign': 0, 'if_id': '77', 'header': {'token': ''}, 'if_name': '游戏排行榜', 'body': {}, 'msg': {}, 'sign_type': 2, 'url': 'https://course.rest.xxbmm.com/games/top', 'res_content': {'msg': '成功', 'suc': True, 'response_code': 0, 'data': [{'pay_type': 'FREE', 'img': 'https://coursecdn.xxbmm.com/xxbmm-course-image/2019/03/20/13/323fb520-498b-4d71-8905-af0bcc055182.jpg', 'description': '', 'id': 5, 'name': '31-吸管的脚印 B', 'tags_name': ['休闲娱乐']}, {'pay_type': None, 'img': 'https://coursecdn.xxbmm.com/xxbmm-course-image/2019/03/20/11/fe7a6312-90db-400f-8ae7-527b5b6311c4.jpg', 'description': '27-立体的圣诞老人-bcopy 描述', 'id': 6, 'name': '27-立体的圣诞老人-bcopy', 'tags_name': ['益智游戏']}, {'pay_type': 'FREE', 'img': 'https://coursecdn.xxbmm.com/xxbmm-course-image/2019/03/20/13/b92e7888-11c2-42c0-8f70-e091e92cf129.jpg', 'description': '30-不一样的画笔 B ', 'id': 23, 'name': '30-不一样的画笔 B', 'tags_name': []}]}, 'interface_totalTime': '0.005868999999999985s', 'method': 'get', 'result': 'pass'}], 'class_name': '定时任务'}
[2019-05-30 23:27:01,421: WARNING/Worker-1] /home/ubuntu/.virtualenvs/env/lib/python3.5/site-packages/matplotlib/figure.py:98: MatplotlibDeprecationWarning: 
Adding an axes using the same arguments as a previous axes currently reuses the earlier instance.  In a future version, a new instance will always be created and returned.  Meanwhile, this warning can be suppressed, and the future behavior ensured, by passing a unique label to each axes instance.
  "Adding an axes using the same arguments as a previous axes "
[2019-05-30 23:27:01,532: INFO/Worker-1] 测试任务执行完成！
[2019-05-30 23:27:01,533: INFO/MainProcess] Task base.tasks.run_plan[f9fbdd8a-b61b-44a7-a2c7-1283e04c8c18] succeeded in 0.38136021001264453s: None
[2019-05-30 23:27:31,629: INFO/MainProcess] missed heartbeat from celery@VM-0-14-ubuntu
[2019-05-31 02:26:29,180: INFO/MainProcess] missed heartbeat from beat@VM-0-14-ubuntu
[2019-05-31 03:17:34,947: INFO/MainProcess] missed heartbeat from beat@VM-0-14-ubuntu
[2019-05-31 04:59:16,448: INFO/MainProcess] missed heartbeat from beat@VM-0-14-ubuntu
