[32m[2019-06-05 11:23:55,140] [logger.py:79] [logger:__console] [INFO]- æµ‹è¯•ç”¨ä¾‹ï¼š<unittest.suite.TestSuite tests=[<unittest.suite.TestSuite tests=[<unittest.suite.TestSuite tests=[<test_api.Test_api testMethod=test_api_1>]>]>]>[0m
[32m[2019-06-05 11:23:55,143] [logger.py:79] [logger:__console] [INFO]- *******æ­£åœ¨æ‰§è¡Œç”¨ä¾‹ï¼š-----  77 æ¸¸æˆæ’è¡Œæ¦œ  ----**********[0m
[32m[2019-06-05 11:23:55,143] [logger.py:79] [logger:__console] [INFO]- è¯·æ±‚æ–¹å¼ï¼š get, è¯·æ±‚url: https://course.rest.xxbmm.com/games/top[0m
[32m[2019-06-05 11:23:55,143] [logger.py:79] [logger:__console] [INFO]- è¯·æ±‚å¤´éƒ¨ï¼š{'token': ''}[0m
[32m[2019-06-05 11:23:55,144] [logger.py:79] [logger:__console] [INFO]- get è¯·æ±‚ï¼Œå‚æ•°ç±»å‹ä¸ºï¼šdata ,å‚æ•°å†…å®¹ä¸º {}[0m
[32m[2019-06-05 11:23:55,490] [logger.py:79] [logger:__console] [INFO]- é¡µé¢è¿”å›ä¿¡æ¯ï¼š{"suc":true,"msg":"æˆåŠŸ","data":[{"id":5,"name":"31-å¸ç®¡çš„è„šå° B","img":"https://coursecdn.xxbmm.com/xxbmm-course-image/2019/03/20/13/323fb520-498b-4d71-8905-af0bcc055182.jpg","description":"","pay_type":"FREE","tags_name":["ä¼‘é—²å¨±ä¹"]},{"id":6,"name":"27-ç«‹ä½“çš„åœ£è¯è€äºº-bcopy","img":"https://coursecdn.xxbmm.com/xxbmm-course-image/2019/03/20/11/fe7a6312-90db-400f-8ae7-527b5b6311c4.jpg","description":"27-ç«‹ä½“çš„åœ£è¯è€äºº-bcopy æè¿°","pay_type":null,"tags_name":["ç›Šæ™ºæ¸¸æˆ"]},{"id":23,"name":"30-ä¸ä¸€æ ·çš„ç”»ç¬” B","img":"https://coursecdn.xxbmm.com/xxbmm-course-image/2019/03/20/13/b92e7888-11c2-42c0-8f70-e091e92cf129.jpg","description":"30-ä¸ä¸€æ ·çš„ç”»ç¬” B ","pay_type":"FREE","tags_name":[]}],"response_code":0}[0m
[32m[2019-06-05 11:23:55,491] [logger.py:79] [logger:__console] [INFO]- æ£€æŸ¥ç‚¹ï¼š[{'expect': 'æˆåŠŸ', 'comparator': 'eq', 'check': 'msg'}][0m
[32m[2019-06-05 11:23:55,491] [logger.py:79] [logger:__console] [INFO]- ç”¨ä¾‹æµ‹è¯•ç»“æœ:   æ¸¸æˆæ’è¡Œæ¦œ---->pass	[0m
[32m[2019-06-05 11:23:55,503] [logger.py:79] [logger:__console] [INFO]- æ‰§è¡Œç”¨ä¾‹ï¼Œç”ŸæˆHTMLæŠ¥å‘Š: 2019-06-05 11-23-55report.html
[0m
[32m[2019-06-05 11:23:55,504] [logger.py:79] [logger:__console] [INFO]- æœ€æ–°çš„æµ‹è¯•æŠ¥å‘Šæ˜¯ï¼š2019-06-01 23-35-00report.html[0m
[32m[2019-06-05 11:27:02,918] [logger.py:79] [logger:__console] [INFO]- æµ‹è¯•ç”¨ä¾‹ï¼š<unittest.suite.TestSuite tests=[<unittest.suite.TestSuite tests=[<unittest.suite.TestSuite tests=[<test_api.Test_api testMethod=test_api_1>]>]>]>[0m
[32m[2019-06-05 11:27:02,919] [logger.py:79] [logger:__console] [INFO]- *******æ­£åœ¨æ‰§è¡Œç”¨ä¾‹ï¼š-----  77 æ¸¸æˆæ’è¡Œæ¦œ  ----**********[0m
[32m[2019-06-05 11:27:02,919] [logger.py:79] [logger:__console] [INFO]- è¯·æ±‚æ–¹å¼ï¼š get, è¯·æ±‚url: https://course.rest.xxbmm.com/games/top[0m
[32m[2019-06-05 11:27:02,920] [logger.py:79] [logger:__console] [INFO]- è¯·æ±‚å¤´éƒ¨ï¼š{'token': ''}[0m
[32m[2019-06-05 11:27:02,920] [logger.py:79] [logger:__console] [INFO]- get è¯·æ±‚ï¼Œå‚æ•°ç±»å‹ä¸ºï¼šdata ,å‚æ•°å†…å®¹ä¸º {}[0m
[32m[2019-06-05 11:27:03,180] [logger.py:79] [logger:__console] [INFO]- é¡µé¢è¿”å›ä¿¡æ¯ï¼š{"suc":true,"msg":"æˆåŠŸ","data":[{"id":5,"name":"31-å¸ç®¡çš„è„šå° B","img":"https://coursecdn.xxbmm.com/xxbmm-course-image/2019/03/20/13/323fb520-498b-4d71-8905-af0bcc055182.jpg","description":"","pay_type":"FREE","tags_name":["ä¼‘é—²å¨±ä¹"]},{"id":6,"name":"27-ç«‹ä½“çš„åœ£è¯è€äºº-bcopy","img":"https://coursecdn.xxbmm.com/xxbmm-course-image/2019/03/20/11/fe7a6312-90db-400f-8ae7-527b5b6311c4.jpg","description":"27-ç«‹ä½“çš„åœ£è¯è€äºº-bcopy æè¿°","pay_type":null,"tags_name":["ç›Šæ™ºæ¸¸æˆ"]},{"id":23,"name":"30-ä¸ä¸€æ ·çš„ç”»ç¬” B","img":"https://coursecdn.xxbmm.com/xxbmm-course-image/2019/03/20/13/b92e7888-11c2-42c0-8f70-e091e92cf129.jpg","description":"30-ä¸ä¸€æ ·çš„ç”»ç¬” B ","pay_type":"FREE","tags_name":[]}],"response_code":0}[0m
[32m[2019-06-05 11:27:03,180] [logger.py:79] [logger:__console] [INFO]- æ£€æŸ¥ç‚¹ï¼š[{'check': 'msg', 'expect': 'æˆåŠŸ', 'comparator': 'eq'}][0m
[32m[2019-06-05 11:27:03,181] [logger.py:79] [logger:__console] [INFO]- ç”¨ä¾‹æµ‹è¯•ç»“æœ:   æ¸¸æˆæ’è¡Œæ¦œ---->pass	[0m
[32m[2019-06-05 11:27:03,188] [logger.py:79] [logger:__console] [INFO]- æ‰§è¡Œç”¨ä¾‹ï¼Œç”ŸæˆHTMLæŠ¥å‘Š: 2019-06-05 11-27-02report.html
[0m
[32m[2019-06-05 11:27:03,189] [logger.py:79] [logger:__console] [INFO]- æœ€æ–°çš„æµ‹è¯•æŠ¥å‘Šæ˜¯ï¼š2019-06-05 11-27-02report.html[0m
[32m[2019-06-05 11:52:43,918] [logger.py:79] [logger:__console] [INFO]- æµ‹è¯•ç”¨ä¾‹ï¼š<unittest.suite.TestSuite tests=[<unittest.suite.TestSuite tests=[<unittest.suite.TestSuite tests=[<test_api.Test_api testMethod=test_api_1>]>]>]>[0m
[32m[2019-06-05 11:52:43,919] [logger.py:79] [logger:__console] [INFO]- *******æ­£åœ¨æ‰§è¡Œç”¨ä¾‹ï¼š-----  77 æ¸¸æˆæ’è¡Œæ¦œ  ----**********[0m
[32m[2019-06-05 11:52:43,920] [logger.py:79] [logger:__console] [INFO]- è¯·æ±‚æ–¹å¼ï¼š get, è¯·æ±‚url: https://course.rest.xxbmm.com/games/top[0m
[32m[2019-06-05 11:52:43,920] [logger.py:79] [logger:__console] [INFO]- è¯·æ±‚å¤´éƒ¨ï¼š{'token': ''}[0m
[32m[2019-06-05 11:52:43,921] [logger.py:79] [logger:__console] [INFO]- get è¯·æ±‚ï¼Œå‚æ•°ç±»å‹ä¸ºï¼šdata ,å‚æ•°å†…å®¹ä¸º {}[0m
[32m[2019-06-05 11:52:44,468] [logger.py:79] [logger:__console] [INFO]- é¡µé¢è¿”å›ä¿¡æ¯ï¼š{"suc":true,"msg":"æˆåŠŸ","data":[{"id":5,"name":"31-å¸ç®¡çš„è„šå° B","img":"https://coursecdn.xxbmm.com/xxbmm-course-image/2019/03/20/13/323fb520-498b-4d71-8905-af0bcc055182.jpg","description":"","pay_type":"FREE","tags_name":["ä¼‘é—²å¨±ä¹"]},{"id":6,"name":"27-ç«‹ä½“çš„åœ£è¯è€äºº-bcopy","img":"https://coursecdn.xxbmm.com/xxbmm-course-image/2019/03/20/11/fe7a6312-90db-400f-8ae7-527b5b6311c4.jpg","description":"27-ç«‹ä½“çš„åœ£è¯è€äºº-bcopy æè¿°","pay_type":null,"tags_name":["ç›Šæ™ºæ¸¸æˆ"]},{"id":23,"name":"30-ä¸ä¸€æ ·çš„ç”»ç¬” B","img":"https://coursecdn.xxbmm.com/xxbmm-course-image/2019/03/20/13/b92e7888-11c2-42c0-8f70-e091e92cf129.jpg","description":"30-ä¸ä¸€æ ·çš„ç”»ç¬” B ","pay_type":"FREE","tags_name":[]}],"response_code":0}[0m
[32m[2019-06-05 11:52:44,468] [logger.py:79] [logger:__console] [INFO]- æ£€æŸ¥ç‚¹ï¼š[{'check': 'msg', 'comparator': 'eq', 'expect': 'æˆåŠŸ'}][0m
[32m[2019-06-05 11:52:44,469] [logger.py:79] [logger:__console] [INFO]- ç”¨ä¾‹æµ‹è¯•ç»“æœ:   æ¸¸æˆæ’è¡Œæ¦œ---->pass	[0m
[32m[2019-06-05 11:52:44,475] [logger.py:79] [logger:__console] [INFO]- æ‰§è¡Œç”¨ä¾‹ï¼Œç”ŸæˆHTMLæŠ¥å‘Š: 2019-06-05 11-52-43report.html
[0m
[32m[2019-06-05 11:52:44,476] [logger.py:79] [logger:__console] [INFO]- æœ€æ–°çš„æµ‹è¯•æŠ¥å‘Šæ˜¯ï¼š2019-06-05 11-52-43report.html[0m
[32m[2019-06-05 11:55:49,760] [logger.py:79] [logger:__console] [INFO]- æµ‹è¯•ç”¨ä¾‹ï¼š<unittest.suite.TestSuite tests=[<unittest.suite.TestSuite tests=[<unittest.suite.TestSuite tests=[<test_api.Test_api testMethod=test_api_1>]>]>]>[0m
[32m[2019-06-05 11:55:49,808] [logger.py:79] [logger:__console] [INFO]- *******æ­£åœ¨æ‰§è¡Œç”¨ä¾‹ï¼š-----  77 æ¸¸æˆæ’è¡Œæ¦œ  ----**********[0m
[32m[2019-06-05 11:55:49,808] [logger.py:79] [logger:__console] [INFO]- è¯·æ±‚æ–¹å¼ï¼š get, è¯·æ±‚url: https://course.rest.xxbmm.com/games/top[0m
[32m[2019-06-05 11:55:49,809] [logger.py:79] [logger:__console] [INFO]- è¯·æ±‚å¤´éƒ¨ï¼š{'token': ''}[0m
[32m[2019-06-05 11:55:49,809] [logger.py:79] [logger:__console] [INFO]- get è¯·æ±‚ï¼Œå‚æ•°ç±»å‹ä¸ºï¼šdata ,å‚æ•°å†…å®¹ä¸º {}[0m
[32m[2019-06-05 11:55:50,068] [logger.py:79] [logger:__console] [INFO]- é¡µé¢è¿”å›ä¿¡æ¯ï¼š{"suc":true,"msg":"æˆåŠŸ","data":[{"id":5,"name":"31-å¸ç®¡çš„è„šå° B","img":"https://coursecdn.xxbmm.com/xxbmm-course-image/2019/03/20/13/323fb520-498b-4d71-8905-af0bcc055182.jpg","description":"","pay_type":"FREE","tags_name":["ä¼‘é—²å¨±ä¹"]},{"id":6,"name":"27-ç«‹ä½“çš„åœ£è¯è€äºº-bcopy","img":"https://coursecdn.xxbmm.com/xxbmm-course-image/2019/03/20/11/fe7a6312-90db-400f-8ae7-527b5b6311c4.jpg","description":"27-ç«‹ä½“çš„åœ£è¯è€äºº-bcopy æè¿°","pay_type":null,"tags_name":["ç›Šæ™ºæ¸¸æˆ"]},{"id":23,"name":"30-ä¸ä¸€æ ·çš„ç”»ç¬” B","img":"https://coursecdn.xxbmm.com/xxbmm-course-image/2019/03/20/13/b92e7888-11c2-42c0-8f70-e091e92cf129.jpg","description":"30-ä¸ä¸€æ ·çš„ç”»ç¬” B ","pay_type":"FREE","tags_name":[]}],"response_code":0}[0m
[32m[2019-06-05 11:55:50,069] [logger.py:79] [logger:__console] [INFO]- æ£€æŸ¥ç‚¹ï¼š[{'check': 'msg', 'comparator': 'eq', 'expect': 'æˆåŠŸ'}][0m
[32m[2019-06-05 11:55:50,069] [logger.py:79] [logger:__console] [INFO]- ç”¨ä¾‹æµ‹è¯•ç»“æœ:   æ¸¸æˆæ’è¡Œæ¦œ---->pass	[0m
[32m[2019-06-05 11:55:50,076] [logger.py:79] [logger:__console] [INFO]- æ‰§è¡Œç”¨ä¾‹ï¼Œç”ŸæˆHTMLæŠ¥å‘Š: 2019-06-05 11-55-49report.html
[0m
[32m[2019-06-05 11:55:50,077] [logger.py:79] [logger:__console] [INFO]- æœ€æ–°çš„æµ‹è¯•æŠ¥å‘Šæ˜¯ï¼š2019-06-05 11-55-49report.html[0m
