[32m[2019-06-10 10:55:50,018] [logger.py:79] [logger:__console] [INFO]- æµ‹è¯•ç”¨ä¾‹ï¼š<unittest.suite.TestSuite tests=[<unittest.suite.TestSuite tests=[<unittest.suite.TestSuite tests=[<test_api.Test_api testMethod=test_api_1>, <test_api.Test_api testMethod=test_api_2>, <test_api.Test_api testMethod=test_api_3>, <test_api.Test_api testMethod=test_api_4>, <test_api.Test_api testMethod=test_api_5>, <test_api.Test_api testMethod=test_api_6>, <test_api.Test_api testMethod=test_api_7>, <test_api.Test_api testMethod=test_api_8>, <test_api.Test_api testMethod=test_api_9>]>]>]>[0m
[32m[2019-06-10 10:55:50,019] [logger.py:79] [logger:__console] [INFO]- *******æ­£åœ¨æ‰§è¡Œç”¨ä¾‹ï¼š-----  71 æ¨¡æ‹Ÿæˆæƒ  ----**********[0m
[32m[2019-06-10 10:55:50,019] [logger.py:79] [logger:__console] [INFO]- è¯·æ±‚æ–¹å¼ï¼š post, è¯·æ±‚url: https://course.rest.xxbmm.com/ops[0m
[32m[2019-06-10 10:55:50,019] [logger.py:79] [logger:__console] [INFO]- è¯·æ±‚å¤´éƒ¨ï¼š{'token': 'eyJhbGciOiJIUzI1NiJ9.eyJzdGFydFRpbWUiOjE1NjAxMzUyMTYzMDUsImV4cGlyZVRpbWUiOjE1NjE0MzEyMTYzMDUsImlkZW50aWZ5IjoyMDkxN30.LMSiuWdFPDbTkkCGo6PvwucYyP_ID2L9Wj5-reT6UJQ', 'Accept': 'application/json;charset=UTF-8'}[0m
[32m[2019-06-10 10:55:50,020] [logger.py:79] [logger:__console] [INFO]- post è¯·æ±‚ï¼Œå‚æ•°ç±»å‹ä¸ºï¼šjson ,å‚æ•°å†…å®¹ä¸º {'headimg': 'https://coursecdn.xxbmm.com/xxbmm-course-image/2019/05/17/17/ab2ef098-be16-4955-a144-a452815f5418.jpg', 'source': 'APPLET', 'openid': 'ocIIn4141-6H2uTABfyz5XlTDBGU', 'nickname': 'é“åœ¨å…‰æ˜', 'gender': '1', 'unionid': 'oPmunjjIzQtjk2aBI4pfkVLcA9tE'}[0m
[32m[2019-06-10 10:55:50,510] [logger.py:79] [logger:__console] [INFO]- é¡µé¢è¿”å›ä¿¡æ¯ï¼š{"suc":true,"msg":"æˆåŠŸ","data":"eyJhbGciOiJIUzI1NiJ9.eyJzdGFydFRpbWUiOjE1NjAxMzUzNTA0ODIsImV4cGlyZVRpbWUiOjE1NjE0MzEzNTA0ODIsImlkZW50aWZ5IjoyMDkxN30.tUo5bRsbGNvx0PDiPCswk0egWJT-VdzAoSivl1243b4","response_code":0}[0m
[32m[2019-06-10 10:55:50,510] [logger.py:79] [logger:__console] [INFO]- æ£€æŸ¥ç‚¹ï¼š[{'comparator': 'eq', 'expect': 'æˆåŠŸ', 'check': 'msg'}][0m
[32m[2019-06-10 10:55:50,510] [logger.py:79] [logger:__console] [INFO]- ç”¨ä¾‹æµ‹è¯•ç»“æœ:   æ¨¡æ‹Ÿæˆæƒ---->pass	[0m
[32m[2019-06-10 10:55:50,511] [logger.py:79] [logger:__console] [INFO]- *******æ­£åœ¨æ‰§è¡Œç”¨ä¾‹ï¼š-----  32 åœ°å€åˆ—è¡¨  ----**********[0m
[32m[2019-06-10 10:55:50,511] [logger.py:79] [logger:__console] [INFO]- è¯·æ±‚æ–¹å¼ï¼š get, è¯·æ±‚url: https://course.rest.xxbmm.com/address[0m
[32m[2019-06-10 10:55:50,512] [logger.py:79] [logger:__console] [INFO]- è¯·æ±‚å¤´éƒ¨ï¼š{'token': 'eyJhbGciOiJIUzI1NiJ9.eyJzdGFydFRpbWUiOjE1NjAxMzUyMTYzMDUsImV4cGlyZVRpbWUiOjE1NjE0MzEyMTYzMDUsImlkZW50aWZ5IjoyMDkxN30.LMSiuWdFPDbTkkCGo6PvwucYyP_ID2L9Wj5-reT6UJQ', 'Accept': 'application/json;charset=UTF-8'}[0m
[32m[2019-06-10 10:55:50,512] [logger.py:79] [logger:__console] [INFO]- get è¯·æ±‚ï¼Œå‚æ•°ç±»å‹ä¸ºï¼šdata ,å‚æ•°å†…å®¹ä¸º {}[0m
[32m[2019-06-10 10:55:50,588] [logger.py:79] [logger:__console] [INFO]- é¡µé¢è¿”å›ä¿¡æ¯ï¼š{"suc":true,"msg":"æˆåŠŸ","data":[{"id":20193,"buyer_name":"æå…ˆç”Ÿ","buyer_phone":"18701137212","pro_city_region":"åŒ—äº¬å¸‚-åŒ—äº¬å¸‚-é¡ºä¹‰åŒº-åæ²™å³ªé•‡è‘£å„åº„æ‘","default_status":"YES","province":110000,"city":110100,"region":110113},{"id":20196,"buyer_name":"æœ‰ç¼˜äºº","buyer_phone":"15632545621","pro_city_region":"åŒ—äº¬å¸‚-åŒ—äº¬å¸‚-ä¸œåŸåŒº-å¤©å›","default_status":"NO","province":110100,"city":110100,"region":110101}],"response_code":0}[0m
[32m[2019-06-10 10:55:50,589] [logger.py:79] [logger:__console] [INFO]- Interface Params Totalï¼š1 ,write to json file successfully!
[0m
[32m[2019-06-10 10:55:50,589] [logger.py:79] [logger:__console] [INFO]- æ£€æŸ¥ç‚¹ï¼š[{'comparator': 'eq', 'expect': 'æˆåŠŸ', 'check': 'msg'}][0m
[32m[2019-06-10 10:55:50,590] [logger.py:79] [logger:__console] [INFO]- ç”¨ä¾‹æµ‹è¯•ç»“æœ:   åœ°å€åˆ—è¡¨---->pass	[0m
[32m[2019-06-10 10:55:50,590] [logger.py:79] [logger:__console] [INFO]- *******æ­£åœ¨æ‰§è¡Œç”¨ä¾‹ï¼š-----  46 é»˜è®¤åœ°å€è¯¦æƒ…  ----**********[0m
[32m[2019-06-10 10:55:50,591] [logger.py:79] [logger:__console] [INFO]- è¯·æ±‚æ–¹å¼ï¼š get, è¯·æ±‚url: https://course.rest.xxbmm.com/address/default[0m
[32m[2019-06-10 10:55:50,591] [logger.py:79] [logger:__console] [INFO]- è¯·æ±‚å¤´éƒ¨ï¼š{'token': 'eyJhbGciOiJIUzI1NiJ9.eyJzdGFydFRpbWUiOjE1NjAxMzUyMTYzMDUsImV4cGlyZVRpbWUiOjE1NjE0MzEyMTYzMDUsImlkZW50aWZ5IjoyMDkxN30.LMSiuWdFPDbTkkCGo6PvwucYyP_ID2L9Wj5-reT6UJQ', 'Accept': 'application/json;charset=UTF-8'}[0m
[32m[2019-06-10 10:55:50,591] [logger.py:79] [logger:__console] [INFO]- get è¯·æ±‚ï¼Œå‚æ•°ç±»å‹ä¸ºï¼šdata ,å‚æ•°å†…å®¹ä¸º {}[0m
[32m[2019-06-10 10:55:50,674] [logger.py:79] [logger:__console] [INFO]- é¡µé¢è¿”å›ä¿¡æ¯ï¼š{"suc":true,"msg":"æˆåŠŸ","data":{"id":20193,"buyer_name":"æå…ˆç”Ÿ","buyer_phone":"18701137212","pro_city_region":"åŒ—äº¬å¸‚-åŒ—äº¬å¸‚-é¡ºä¹‰åŒº-åæ²™å³ªé•‡è‘£å„åº„æ‘","default_status":"YES","province":110000,"city":110100,"region":110113},"response_code":0}[0m
[32m[2019-06-10 10:55:50,674] [logger.py:79] [logger:__console] [INFO]- æ£€æŸ¥ç‚¹ï¼š[{'comparator': 'eq', 'expect': 'æˆåŠŸ', 'check': 'msg'}][0m
[32m[2019-06-10 10:55:50,675] [logger.py:79] [logger:__console] [INFO]- ç”¨ä¾‹æµ‹è¯•ç»“æœ:   é»˜è®¤åœ°å€è¯¦æƒ…---->pass	[0m
[32m[2019-06-10 10:55:50,675] [logger.py:79] [logger:__console] [INFO]- body æ›¿æ¢ä¸Šä¸‹æ–‡ä¾èµ–å‚æ•°ï¼š {'id': '20193'}[0m
[32m[2019-06-10 10:55:50,676] [logger.py:79] [logger:__console] [INFO]- *******æ­£åœ¨æ‰§è¡Œç”¨ä¾‹ï¼š-----  19 åœ°å€è¯¦æƒ…  ----**********[0m
[32m[2019-06-10 10:55:50,676] [logger.py:79] [logger:__console] [INFO]- è¯·æ±‚æ–¹å¼ï¼š get, è¯·æ±‚url: https://course.rest.xxbmm.com/address/20193[0m
[32m[2019-06-10 10:55:50,676] [logger.py:79] [logger:__console] [INFO]- è¯·æ±‚å¤´éƒ¨ï¼š{'token': 'eyJhbGciOiJIUzI1NiJ9.eyJzdGFydFRpbWUiOjE1NjAxMzUyMTYzMDUsImV4cGlyZVRpbWUiOjE1NjE0MzEyMTYzMDUsImlkZW50aWZ5IjoyMDkxN30.LMSiuWdFPDbTkkCGo6PvwucYyP_ID2L9Wj5-reT6UJQ', 'Accept': 'application/json;charset=UTF-8'}[0m
[32m[2019-06-10 10:55:50,677] [logger.py:79] [logger:__console] [INFO]- get è¯·æ±‚ï¼Œå‚æ•°ç±»å‹ä¸ºï¼šdata ,å‚æ•°å†…å®¹ä¸º {}[0m
[32m[2019-06-10 10:55:50,757] [logger.py:79] [logger:__console] [INFO]- é¡µé¢è¿”å›ä¿¡æ¯ï¼š{"suc":true,"msg":"æˆåŠŸ","data":{"id":20193,"buyer_name":"æå…ˆç”Ÿ","buyer_phone":"18701137212","pro_city_region":"åŒ—äº¬å¸‚-åŒ—äº¬å¸‚-é¡ºä¹‰åŒº-åæ²™å³ªé•‡è‘£å„åº„æ‘","default_status":"YES","province":110000,"city":110100,"region":110113},"response_code":0}[0m
[32m[2019-06-10 10:55:50,758] [logger.py:79] [logger:__console] [INFO]- æ£€æŸ¥ç‚¹ï¼š[{'comparator': 'eq', 'expect': 'æˆåŠŸ', 'check': 'msg'}][0m
[32m[2019-06-10 10:55:50,758] [logger.py:79] [logger:__console] [INFO]- ç”¨ä¾‹æµ‹è¯•ç»“æœ:   åœ°å€è¯¦æƒ…---->pass	[0m
[32m[2019-06-10 10:55:50,759] [logger.py:79] [logger:__console] [INFO]- *******æ­£åœ¨æ‰§è¡Œç”¨ä¾‹ï¼š-----  33 åˆ›å»ºåœ°å€  ----**********[0m
[32m[2019-06-10 10:55:50,759] [logger.py:79] [logger:__console] [INFO]- è¯·æ±‚æ–¹å¼ï¼š post, è¯·æ±‚url: https://course.rest.xxbmm.com/address[0m
[32m[2019-06-10 10:55:50,759] [logger.py:79] [logger:__console] [INFO]- è¯·æ±‚å¤´éƒ¨ï¼š{'token': 'eyJhbGciOiJIUzI1NiJ9.eyJzdGFydFRpbWUiOjE1NjAxMzUyMTYzMDUsImV4cGlyZVRpbWUiOjE1NjE0MzEyMTYzMDUsImlkZW50aWZ5IjoyMDkxN30.LMSiuWdFPDbTkkCGo6PvwucYyP_ID2L9Wj5-reT6UJQ', 'Accept': 'application/json;charset=UTF-8'}[0m
[32m[2019-06-10 10:55:50,760] [logger.py:79] [logger:__console] [INFO]- post è¯·æ±‚ï¼Œå‚æ•°ç±»å‹ä¸ºï¼šjson ,å‚æ•°å†…å®¹ä¸º {'default_status': 'NO', 'address': 'æ•…å®«', 'city': '110100', 'buyer_name': 'éšç¼˜äºº', 'region': '110101', 'province': '110100', 'buyer_phone': '15236541256'}[0m
[32m[2019-06-10 10:55:50,835] [logger.py:79] [logger:__console] [INFO]- é¡µé¢è¿”å›ä¿¡æ¯ï¼š{"suc":true,"msg":"æˆåŠŸ","data":20203,"response_code":0}[0m
[32m[2019-06-10 10:55:50,836] [logger.py:79] [logger:__console] [INFO]- Interface Params Totalï¼š1 ,write to json file successfully!
[0m
[32m[2019-06-10 10:55:50,836] [logger.py:79] [logger:__console] [INFO]- æ£€æŸ¥ç‚¹ï¼š[{'comparator': 'eq', 'expect': 'æˆåŠŸ', 'check': 'msg'}][0m
[32m[2019-06-10 10:55:50,836] [logger.py:79] [logger:__console] [INFO]- ç”¨ä¾‹æµ‹è¯•ç»“æœ:   åˆ›å»ºåœ°å€---->pass	[0m
[32m[2019-06-10 10:55:50,837] [logger.py:79] [logger:__console] [INFO]- body æ›¿æ¢ä¸Šä¸‹æ–‡ä¾èµ–å‚æ•°ï¼š {'default_status': 'NO', 'address': 'å¤©å›', 'city': '110100', 'buyer_name': 'æœ‰ç¼˜äºº', 'region': '110101', 'province': '110100', 'id': '20203', 'buyer_phone': '15632545621'}[0m
[32m[2019-06-10 10:55:50,838] [logger.py:79] [logger:__console] [INFO]- *******æ­£åœ¨æ‰§è¡Œç”¨ä¾‹ï¼š-----  20 ä¿®æ”¹åœ°å€ä¿¡æ¯  ----**********[0m
[32m[2019-06-10 10:55:50,838] [logger.py:79] [logger:__console] [INFO]- è¯·æ±‚æ–¹å¼ï¼š put, è¯·æ±‚url: https://course.rest.xxbmm.com/address/20203[0m
[32m[2019-06-10 10:55:50,838] [logger.py:79] [logger:__console] [INFO]- è¯·æ±‚å¤´éƒ¨ï¼š{'token': 'eyJhbGciOiJIUzI1NiJ9.eyJzdGFydFRpbWUiOjE1NjAxMzUyMTYzMDUsImV4cGlyZVRpbWUiOjE1NjE0MzEyMTYzMDUsImlkZW50aWZ5IjoyMDkxN30.LMSiuWdFPDbTkkCGo6PvwucYyP_ID2L9Wj5-reT6UJQ', 'Accept': 'application/json;charset=UTF-8'}[0m
[32m[2019-06-10 10:55:50,839] [logger.py:79] [logger:__console] [INFO]- put è¯·æ±‚ï¼Œå‚æ•°ç±»å‹ä¸ºï¼šjson ,å‚æ•°å†…å®¹ä¸º {'default_status': 'NO', 'address': 'å¤©å›', 'city': '110100', 'buyer_name': 'æœ‰ç¼˜äºº', 'region': '110101', 'province': '110100', 'buyer_phone': '15632545621'}[0m
[32m[2019-06-10 10:55:50,923] [logger.py:79] [logger:__console] [INFO]- é¡µé¢è¿”å›ä¿¡æ¯ï¼š{"suc":true,"msg":"æˆåŠŸ","data":true,"response_code":0}[0m
[32m[2019-06-10 10:55:50,923] [logger.py:79] [logger:__console] [INFO]- æ£€æŸ¥ç‚¹ï¼š[{'comparator': 'eq', 'expect': 'æˆåŠŸ', 'check': 'msg'}][0m
[32m[2019-06-10 10:55:50,924] [logger.py:79] [logger:__console] [INFO]- ç”¨ä¾‹æµ‹è¯•ç»“æœ:   ä¿®æ”¹åœ°å€ä¿¡æ¯---->pass	[0m
[32m[2019-06-10 10:55:50,924] [logger.py:79] [logger:__console] [INFO]- body æ›¿æ¢ä¸Šä¸‹æ–‡ä¾èµ–å‚æ•°ï¼š {'id': '20203'}[0m
[32m[2019-06-10 10:55:50,925] [logger.py:79] [logger:__console] [INFO]- *******æ­£åœ¨æ‰§è¡Œç”¨ä¾‹ï¼š-----  21 åˆ é™¤åœ°å€ä¿¡æ¯  ----**********[0m
[32m[2019-06-10 10:55:50,925] [logger.py:79] [logger:__console] [INFO]- è¯·æ±‚æ–¹å¼ï¼š delete, è¯·æ±‚url: https://course.rest.xxbmm.com/address/20203[0m
[32m[2019-06-10 10:55:50,925] [logger.py:79] [logger:__console] [INFO]- è¯·æ±‚å¤´éƒ¨ï¼š{'token': 'eyJhbGciOiJIUzI1NiJ9.eyJzdGFydFRpbWUiOjE1NjAxMzUyMTYzMDUsImV4cGlyZVRpbWUiOjE1NjE0MzEyMTYzMDUsImlkZW50aWZ5IjoyMDkxN30.LMSiuWdFPDbTkkCGo6PvwucYyP_ID2L9Wj5-reT6UJQ', 'Accept': 'application/json;charset=UTF-8'}[0m
[32m[2019-06-10 10:55:50,926] [logger.py:79] [logger:__console] [INFO]- delete è¯·æ±‚ï¼Œå‚æ•°ç±»å‹ä¸ºï¼šdata ,å‚æ•°å†…å®¹ä¸º {}[0m
[32m[2019-06-10 10:55:51,011] [logger.py:79] [logger:__console] [INFO]- é¡µé¢è¿”å›ä¿¡æ¯ï¼š{"suc":true,"msg":"æˆåŠŸ","data":true,"response_code":0}[0m
[32m[2019-06-10 10:55:51,012] [logger.py:79] [logger:__console] [INFO]- æ£€æŸ¥ç‚¹ï¼š[{'comparator': 'eq', 'expect': 'æˆåŠŸ', 'check': 'msg'}][0m
[32m[2019-06-10 10:55:51,012] [logger.py:79] [logger:__console] [INFO]- ç”¨ä¾‹æµ‹è¯•ç»“æœ:   åˆ é™¤åœ°å€ä¿¡æ¯---->pass	[0m
[32m[2019-06-10 10:55:51,013] [logger.py:79] [logger:__console] [INFO]- *******æ­£åœ¨æ‰§è¡Œç”¨ä¾‹ï¼š-----  85 åˆ›å»ºä½¿ç”¨å¾®ä¿¡çš„åœ°å€  ----**********[0m
[32m[2019-06-10 10:55:51,013] [logger.py:79] [logger:__console] [INFO]- è¯·æ±‚æ–¹å¼ï¼š post, è¯·æ±‚url: https://course.rest.xxbmm.com/address/createWeiXinAddress[0m
[32m[2019-06-10 10:55:51,014] [logger.py:79] [logger:__console] [INFO]- è¯·æ±‚å¤´éƒ¨ï¼š{'token': 'eyJhbGciOiJIUzI1NiJ9.eyJzdGFydFRpbWUiOjE1NjAxMzUyMTYzMDUsImV4cGlyZVRpbWUiOjE1NjE0MzEyMTYzMDUsImlkZW50aWZ5IjoyMDkxN30.LMSiuWdFPDbTkkCGo6PvwucYyP_ID2L9Wj5-reT6UJQ', 'Accept': 'application/json;charset=UTF-8'}[0m
[32m[2019-06-10 10:55:51,014] [logger.py:79] [logger:__console] [INFO]- post è¯·æ±‚ï¼Œå‚æ•°ç±»å‹ä¸ºï¼šjson ,å‚æ•°å†…å®¹ä¸º {'default_status': 'NO', 'address': 'é¢å’Œå›­', 'city': 'åŒ—äº¬å¸‚', 'buyer_name': 'æ— ç¼˜äºº', 'region': 'æœé˜³åŒº', 'province': 'åŒ—äº¬å¸‚', 'buyer_phone': '15865241251'}[0m
[32m[2019-06-10 10:55:51,096] [logger.py:79] [logger:__console] [INFO]- é¡µé¢è¿”å›ä¿¡æ¯ï¼š{"suc":true,"msg":"æˆåŠŸ","data":20204,"response_code":0}[0m
[32m[2019-06-10 10:55:51,097] [logger.py:79] [logger:__console] [INFO]- Interface Params Totalï¼š1 ,write to json file successfully!
[0m
[32m[2019-06-10 10:55:51,097] [logger.py:79] [logger:__console] [INFO]- æ£€æŸ¥ç‚¹ï¼š[{'comparator': 'eq', 'expect': 'æˆåŠŸ', 'check': 'msg'}][0m
[32m[2019-06-10 10:55:51,097] [logger.py:79] [logger:__console] [INFO]- ç”¨ä¾‹æµ‹è¯•ç»“æœ:   åˆ›å»ºä½¿ç”¨å¾®ä¿¡çš„åœ°å€---->pass	[0m
[32m[2019-06-10 10:55:51,098] [logger.py:79] [logger:__console] [INFO]- body æ›¿æ¢ä¸Šä¸‹æ–‡ä¾èµ–å‚æ•°ï¼š {'id': '20204'}[0m
[32m[2019-06-10 10:55:51,099] [logger.py:79] [logger:__console] [INFO]- *******æ­£åœ¨æ‰§è¡Œç”¨ä¾‹ï¼š-----  21 åˆ é™¤åœ°å€ä¿¡æ¯  ----**********[0m
[32m[2019-06-10 10:55:51,099] [logger.py:79] [logger:__console] [INFO]- è¯·æ±‚æ–¹å¼ï¼š delete, è¯·æ±‚url: https://course.rest.xxbmm.com/address/20204[0m
[32m[2019-06-10 10:55:51,100] [logger.py:79] [logger:__console] [INFO]- è¯·æ±‚å¤´éƒ¨ï¼š{'token': 'eyJhbGciOiJIUzI1NiJ9.eyJzdGFydFRpbWUiOjE1NjAxMzUyMTYzMDUsImV4cGlyZVRpbWUiOjE1NjE0MzEyMTYzMDUsImlkZW50aWZ5IjoyMDkxN30.LMSiuWdFPDbTkkCGo6PvwucYyP_ID2L9Wj5-reT6UJQ', 'Accept': 'application/json;charset=UTF-8'}[0m
[32m[2019-06-10 10:55:51,100] [logger.py:79] [logger:__console] [INFO]- delete è¯·æ±‚ï¼Œå‚æ•°ç±»å‹ä¸ºï¼šdata ,å‚æ•°å†…å®¹ä¸º {}[0m
[32m[2019-06-10 10:55:51,186] [logger.py:79] [logger:__console] [INFO]- é¡µé¢è¿”å›ä¿¡æ¯ï¼š{"suc":true,"msg":"æˆåŠŸ","data":true,"response_code":0}[0m
[32m[2019-06-10 10:55:51,187] [logger.py:79] [logger:__console] [INFO]- æ£€æŸ¥ç‚¹ï¼š[{'comparator': 'eq', 'expect': 'æˆåŠŸ', 'check': 'msg'}][0m
[32m[2019-06-10 10:55:51,187] [logger.py:79] [logger:__console] [INFO]- ç”¨ä¾‹æµ‹è¯•ç»“æœ:   åˆ é™¤åœ°å€ä¿¡æ¯---->pass	[0m
[32m[2019-06-10 10:55:51,194] [logger.py:79] [logger:__console] [INFO]- æ‰§è¡Œç”¨ä¾‹ï¼Œç”ŸæˆHTMLæŠ¥å‘Š: 2019-06-10 10-55-50report.html
[0m
[32m[2019-06-10 10:55:51,195] [logger.py:79] [logger:__console] [INFO]- æœ€æ–°çš„æµ‹è¯•æŠ¥å‘Šæ˜¯ï¼š2019-06-10 10-55-50report.html[0m
[32m[2019-06-10 13:21:35,740] [logger.py:79] [logger:__console] [INFO]- æµ‹è¯•ç”¨ä¾‹ï¼š<unittest.suite.TestSuite tests=[<unittest.suite.TestSuite tests=[<unittest.suite.TestSuite tests=[<test_api.Test_api testMethod=test_api_01>, <test_api.Test_api testMethod=test_api_02>, <test_api.Test_api testMethod=test_api_03>, <test_api.Test_api testMethod=test_api_04>, <test_api.Test_api testMethod=test_api_05>, <test_api.Test_api testMethod=test_api_06>, <test_api.Test_api testMethod=test_api_07>, <test_api.Test_api testMethod=test_api_08>, <test_api.Test_api testMethod=test_api_09>, <test_api.Test_api testMethod=test_api_10>, <test_api.Test_api testMethod=test_api_11>, <test_api.Test_api testMethod=test_api_12>, <test_api.Test_api testMethod=test_api_13>, <test_api.Test_api testMethod=test_api_14>, <test_api.Test_api testMethod=test_api_15>, <test_api.Test_api testMethod=test_api_16>, <test_api.Test_api testMethod=test_api_17>]>]>]>[0m
[32m[2019-06-10 13:21:35,740] [logger.py:79] [logger:__console] [INFO]- *******æ­£åœ¨æ‰§è¡Œç”¨ä¾‹ï¼š-----  71 æ¨¡æ‹Ÿæˆæƒ  ----**********[0m
[32m[2019-06-10 13:21:35,741] [logger.py:79] [logger:__console] [INFO]- è¯·æ±‚æ–¹å¼ï¼š post, è¯·æ±‚url: https://course.rest.xxbmm.com/ops[0m
[32m[2019-06-10 13:21:35,741] [logger.py:79] [logger:__console] [INFO]- è¯·æ±‚å¤´éƒ¨ï¼š{'token': 'eyJhbGciOiJIUzI1NiJ9.eyJzdGFydFRpbWUiOjE1NjAxNDQwMzU4ODYsImV4cGlyZVRpbWUiOjE1NjE0NDAwMzU4ODYsImlkZW50aWZ5IjoyMDkxN30.rNsdYF-yihBHUz9I8Zak547DI3YHOy2v4LUdjySzX3M', 'Accept': 'application/json;charset=UTF-8'}[0m
[32m[2019-06-10 13:21:35,741] [logger.py:79] [logger:__console] [INFO]- post è¯·æ±‚ï¼Œå‚æ•°ç±»å‹ä¸ºï¼šjson ,å‚æ•°å†…å®¹ä¸º {'headimg': 'https://coursecdn.xxbmm.com/xxbmm-course-image/2019/05/17/17/ab2ef098-be16-4955-a144-a452815f5418.jpg', 'nickname': 'é“åœ¨å…‰æ˜', 'source': 'APPLET', 'gender': '1', 'unionid': 'oPmunjjIzQtjk2aBI4pfkVLcA9tE', 'openid': 'ocIIn4141-6H2uTABfyz5XlTDBGU'}[0m
[32m[2019-06-10 13:21:35,972] [logger.py:79] [logger:__console] [INFO]- é¡µé¢è¿”å›ä¿¡æ¯ï¼š{"suc":true,"msg":"æˆåŠŸ","data":"eyJhbGciOiJIUzI1NiJ9.eyJzdGFydFRpbWUiOjE1NjAxNDQwOTU5NDYsImV4cGlyZVRpbWUiOjE1NjE0NDAwOTU5NDYsImlkZW50aWZ5IjoyMDkxN30.ljnvQKYlzs6PTR9feMqmfh4e-HuvNcvL71qMFdPbJJw","response_code":0}[0m
[32m[2019-06-10 13:21:35,973] [logger.py:79] [logger:__console] [INFO]- æ£€æŸ¥ç‚¹ï¼š[{'check': 'msg', 'comparator': 'eq', 'expect': 'æˆåŠŸ'}][0m
[32m[2019-06-10 13:21:35,973] [logger.py:79] [logger:__console] [INFO]- ç”¨ä¾‹æµ‹è¯•ç»“æœ:   æ¨¡æ‹Ÿæˆæƒ---->pass	[0m
[32m[2019-06-10 13:21:35,974] [logger.py:79] [logger:__console] [INFO]- *******æ­£åœ¨æ‰§è¡Œç”¨ä¾‹ï¼š-----  73 ç”¨æˆ·è¯¦æƒ…æŸ¥è¯¢, ä¸ªäººä¸­å¿ƒå±•ç¤º  ----**********[0m
[32m[2019-06-10 13:21:35,974] [logger.py:79] [logger:__console] [INFO]- è¯·æ±‚æ–¹å¼ï¼š get, è¯·æ±‚url: https://course.rest.xxbmm.com/users[0m
[32m[2019-06-10 13:21:35,974] [logger.py:79] [logger:__console] [INFO]- è¯·æ±‚å¤´éƒ¨ï¼š{'token': 'eyJhbGciOiJIUzI1NiJ9.eyJzdGFydFRpbWUiOjE1NjAxNDQwMzU4ODYsImV4cGlyZVRpbWUiOjE1NjE0NDAwMzU4ODYsImlkZW50aWZ5IjoyMDkxN30.rNsdYF-yihBHUz9I8Zak547DI3YHOy2v4LUdjySzX3M', 'Accept': 'application/json;charset=UTF-8'}[0m
[32m[2019-06-10 13:21:35,975] [logger.py:79] [logger:__console] [INFO]- get è¯·æ±‚ï¼Œå‚æ•°ç±»å‹ä¸ºï¼šdata ,å‚æ•°å†…å®¹ä¸º {}[0m
[32m[2019-06-10 13:21:36,040] [logger.py:79] [logger:__console] [INFO]- é¡µé¢è¿”å›ä¿¡æ¯ï¼š{"suc":true,"msg":"æˆåŠŸ","data":{"headimg":"https://coursecdn.xxbmm.com/xxbmm-course-image/2019/05/17/17/ab2ef098-be16-4955-a144-a452815f5418.jpg","nickname":"é“åœ¨å…‰æ˜","baby_count":1,"user_id":20917},"response_code":0}[0m
[32m[2019-06-10 13:21:36,040] [logger.py:79] [logger:__console] [INFO]- æ£€æŸ¥ç‚¹ï¼š[{'check': 'msg', 'comparator': 'eq', 'expect': 'æˆåŠŸ'}][0m
[32m[2019-06-10 13:21:36,040] [logger.py:79] [logger:__console] [INFO]- ç”¨ä¾‹æµ‹è¯•ç»“æœ:   ç”¨æˆ·è¯¦æƒ…æŸ¥è¯¢, ä¸ªäººä¸­å¿ƒå±•ç¤º---->pass	[0m
[32m[2019-06-10 13:21:36,041] [logger.py:79] [logger:__console] [INFO]- *******æ­£åœ¨æ‰§è¡Œç”¨ä¾‹ï¼š-----  40 å®å®åˆ—è¡¨  ----**********[0m
[32m[2019-06-10 13:21:36,041] [logger.py:79] [logger:__console] [INFO]- è¯·æ±‚æ–¹å¼ï¼š get, è¯·æ±‚url: https://course.rest.xxbmm.com/babys[0m
[32m[2019-06-10 13:21:36,041] [logger.py:79] [logger:__console] [INFO]- è¯·æ±‚å¤´éƒ¨ï¼š{'token': 'eyJhbGciOiJIUzI1NiJ9.eyJzdGFydFRpbWUiOjE1NjAxNDQwMzU4ODYsImV4cGlyZVRpbWUiOjE1NjE0NDAwMzU4ODYsImlkZW50aWZ5IjoyMDkxN30.rNsdYF-yihBHUz9I8Zak547DI3YHOy2v4LUdjySzX3M', 'Accept': 'application/json;charset=UTF-8'}[0m
[32m[2019-06-10 13:21:36,042] [logger.py:79] [logger:__console] [INFO]- get è¯·æ±‚ï¼Œå‚æ•°ç±»å‹ä¸ºï¼šdata ,å‚æ•°å†…å®¹ä¸º {}[0m
[32m[2019-06-10 13:21:36,106] [logger.py:79] [logger:__console] [INFO]- é¡µé¢è¿”å›ä¿¡æ¯ï¼š{"suc":true,"msg":"æˆåŠŸ","data":[{"id":20479,"name":"å¤§ä¹–ä¹–åœ¨æ­¤","user_id":20917,"headimg":"https://coursecdn.xxbmm.com/xxbmm-course-image/2019/06/05/18/65b52d5c-0724-42b2-bb4b-bf4407e84cdf.jpg","gender":"WOMAN","birthday":"2017-01-22 00:00:00","birth":"BIRTH","age":"2å²4æœˆ","age_moon_name":null}],"response_code":0}[0m
[32m[2019-06-10 13:21:36,106] [logger.py:79] [logger:__console] [INFO]- Interface Params Totalï¼š1 ,write to json file successfully!
[0m
[32m[2019-06-10 13:21:36,107] [logger.py:79] [logger:__console] [INFO]- æ£€æŸ¥ç‚¹ï¼š[{'check': 'msg', 'comparator': 'eq', 'expect': 'æˆåŠŸ'}][0m
[32m[2019-06-10 13:21:36,107] [logger.py:79] [logger:__console] [INFO]- ç”¨ä¾‹æµ‹è¯•ç»“æœ:   å®å®åˆ—è¡¨---->pass	[0m
[32m[2019-06-10 13:21:36,108] [logger.py:79] [logger:__console] [INFO]- body æ›¿æ¢ä¸Šä¸‹æ–‡ä¾èµ–å‚æ•°ï¼š {'course_id': '7', 'baby_id': '20479'}[0m
[32m[2019-06-10 13:21:36,108] [logger.py:79] [logger:__console] [INFO]- *******æ­£åœ¨æ‰§è¡Œç”¨ä¾‹ï¼š-----  38 æ·»åŠ åˆ°æ”¶è—  ----**********[0m
[32m[2019-06-10 13:21:36,108] [logger.py:79] [logger:__console] [INFO]- è¯·æ±‚æ–¹å¼ï¼š post, è¯·æ±‚url: https://course.rest.xxbmm.com/users/collect[0m
[32m[2019-06-10 13:21:36,109] [logger.py:79] [logger:__console] [INFO]- è¯·æ±‚å¤´éƒ¨ï¼š{'token': 'eyJhbGciOiJIUzI1NiJ9.eyJzdGFydFRpbWUiOjE1NjAxNDQwMzU4ODYsImV4cGlyZVRpbWUiOjE1NjE0NDAwMzU4ODYsImlkZW50aWZ5IjoyMDkxN30.rNsdYF-yihBHUz9I8Zak547DI3YHOy2v4LUdjySzX3M', 'Accept': 'application/json;charset=UTF-8'}[0m
[32m[2019-06-10 13:21:36,109] [logger.py:79] [logger:__console] [INFO]- post è¯·æ±‚ï¼Œå‚æ•°ç±»å‹ä¸ºï¼šjson ,å‚æ•°å†…å®¹ä¸º {'course_id': '7', 'baby_id': '20479'}[0m
[32m[2019-06-10 13:21:36,196] [logger.py:79] [logger:__console] [INFO]- é¡µé¢è¿”å›ä¿¡æ¯ï¼š{"suc":true,"msg":"æˆåŠŸ","data":20960,"response_code":0}[0m
[32m[2019-06-10 13:21:36,197] [logger.py:79] [logger:__console] [INFO]- æ£€æŸ¥ç‚¹ï¼š[{'check': 'msg', 'comparator': 'eq', 'expect': 'æˆåŠŸ'}][0m
[32m[2019-06-10 13:21:36,197] [logger.py:79] [logger:__console] [INFO]- ç”¨ä¾‹æµ‹è¯•ç»“æœ:   æ·»åŠ åˆ°æ”¶è—---->pass	[0m
[32m[2019-06-10 13:21:36,198] [logger.py:79] [logger:__console] [INFO]- *******æ­£åœ¨æ‰§è¡Œç”¨ä¾‹ï¼š-----  37 ç”¨æˆ·æ”¶è—åˆ—è¡¨  ----**********[0m
[32m[2019-06-10 13:21:36,198] [logger.py:79] [logger:__console] [INFO]- è¯·æ±‚æ–¹å¼ï¼š get, è¯·æ±‚url: https://course.rest.xxbmm.com/users/collect[0m
[32m[2019-06-10 13:21:36,198] [logger.py:79] [logger:__console] [INFO]- è¯·æ±‚å¤´éƒ¨ï¼š{'token': 'eyJhbGciOiJIUzI1NiJ9.eyJzdGFydFRpbWUiOjE1NjAxNDQwMzU4ODYsImV4cGlyZVRpbWUiOjE1NjE0NDAwMzU4ODYsImlkZW50aWZ5IjoyMDkxN30.rNsdYF-yihBHUz9I8Zak547DI3YHOy2v4LUdjySzX3M', 'Accept': 'application/json;charset=UTF-8'}[0m
[32m[2019-06-10 13:21:36,198] [logger.py:79] [logger:__console] [INFO]- get è¯·æ±‚ï¼Œå‚æ•°ç±»å‹ä¸ºï¼šdata ,å‚æ•°å†…å®¹ä¸º {'size': '10', 'page': '1'}[0m
[32m[2019-06-10 13:21:36,286] [logger.py:79] [logger:__console] [INFO]- é¡µé¢è¿”å›ä¿¡æ¯ï¼š{"suc":true,"msg":"æˆåŠŸ","data":{"page":1,"size":10,"result":[{"course_id":7,"img":"https://coursecdn.xxbmm.com/xxbmm-course-image/2019/06/05/18/1ade70ec-6d79-45de-989a-446751e4f954.jpg","course_type":"CORE","baby_name":"å¤§ä¹–ä¹–åœ¨æ­¤","course_name":"ä¸»é¢˜ç™¾å®ç›’ï¼ˆä¸€ï¼‰ï¼šæ¯›ç»’ç»’çš„çƒ","collect_id":20960,"course_desc":"è®¤çŸ¥èƒ½åŠ›&æ„Ÿå®˜æ¢ç´¢"}],"total_page":1,"total_number":1},"response_code":0}[0m
[32m[2019-06-10 13:21:36,286] [logger.py:79] [logger:__console] [INFO]- æ£€æŸ¥ç‚¹ï¼š[{'check': 'msg', 'comparator': 'eq', 'expect': 'æˆåŠŸ'}][0m
[32m[2019-06-10 13:21:36,287] [logger.py:79] [logger:__console] [INFO]- ç”¨ä¾‹æµ‹è¯•ç»“æœ:   ç”¨æˆ·æ”¶è—åˆ—è¡¨---->pass	[0m
[32m[2019-06-10 13:21:36,287] [logger.py:79] [logger:__console] [INFO]- body æ›¿æ¢ä¸Šä¸‹æ–‡ä¾èµ–å‚æ•°ï¼š {'course_id': '7', 'baby_id': '20479'}[0m
[32m[2019-06-10 13:21:36,288] [logger.py:79] [logger:__console] [INFO]- *******æ­£åœ¨æ‰§è¡Œç”¨ä¾‹ï¼š-----  39 è¯¾ç¨‹è¯¦æƒ…é¡µä¸­ç§»é™¤æ”¶è—  ----**********[0m
[32m[2019-06-10 13:21:36,288] [logger.py:79] [logger:__console] [INFO]- è¯·æ±‚æ–¹å¼ï¼š delete, è¯·æ±‚url: https://course.rest.xxbmm.com/users/collect[0m
[32m[2019-06-10 13:21:36,288] [logger.py:79] [logger:__console] [INFO]- è¯·æ±‚å¤´éƒ¨ï¼š{'token': 'eyJhbGciOiJIUzI1NiJ9.eyJzdGFydFRpbWUiOjE1NjAxNDQwMzU4ODYsImV4cGlyZVRpbWUiOjE1NjE0NDAwMzU4ODYsImlkZW50aWZ5IjoyMDkxN30.rNsdYF-yihBHUz9I8Zak547DI3YHOy2v4LUdjySzX3M', 'Accept': 'application/json;charset=UTF-8'}[0m
[32m[2019-06-10 13:21:36,289] [logger.py:79] [logger:__console] [INFO]- delete è¯·æ±‚ï¼Œå‚æ•°ç±»å‹ä¸ºï¼šjson ,å‚æ•°å†…å®¹ä¸º {'course_id': '7', 'baby_id': '20479'}[0m
[32m[2019-06-10 13:21:36,364] [logger.py:79] [logger:__console] [INFO]- é¡µé¢è¿”å›ä¿¡æ¯ï¼š{"suc":true,"msg":"æˆåŠŸ","data":true,"response_code":0}[0m
[32m[2019-06-10 13:21:36,364] [logger.py:79] [logger:__console] [INFO]- æ£€æŸ¥ç‚¹ï¼š[{'check': 'msg', 'comparator': 'eq', 'expect': 'æˆåŠŸ'}][0m
[32m[2019-06-10 13:21:36,365] [logger.py:79] [logger:__console] [INFO]- ç”¨ä¾‹æµ‹è¯•ç»“æœ:   è¯¾ç¨‹è¯¦æƒ…é¡µä¸­ç§»é™¤æ”¶è—---->pass	[0m
[32m[2019-06-10 13:21:36,365] [logger.py:79] [logger:__console] [INFO]- body æ›¿æ¢ä¸Šä¸‹æ–‡ä¾èµ–å‚æ•°ï¼š {'source': 'APPLET', 'baby_id': '20479'}[0m
[32m[2019-06-10 13:21:36,366] [logger.py:79] [logger:__console] [INFO]- *******æ­£åœ¨æ‰§è¡Œç”¨ä¾‹ï¼š-----  44 é¢†å–è¯•å¬è¯¾  ----**********[0m
[32m[2019-06-10 13:21:36,366] [logger.py:79] [logger:__console] [INFO]- è¯·æ±‚æ–¹å¼ï¼š post, è¯·æ±‚url: https://course.rest.xxbmm.com/users/course/trial[0m
[32m[2019-06-10 13:21:36,366] [logger.py:79] [logger:__console] [INFO]- è¯·æ±‚å¤´éƒ¨ï¼š{'token': 'eyJhbGciOiJIUzI1NiJ9.eyJzdGFydFRpbWUiOjE1NjAxNDQwMzU4ODYsImV4cGlyZVRpbWUiOjE1NjE0NDAwMzU4ODYsImlkZW50aWZ5IjoyMDkxN30.rNsdYF-yihBHUz9I8Zak547DI3YHOy2v4LUdjySzX3M', 'Accept': 'application/json;charset=UTF-8'}[0m
[32m[2019-06-10 13:21:36,367] [logger.py:79] [logger:__console] [INFO]- post è¯·æ±‚ï¼Œå‚æ•°ç±»å‹ä¸ºï¼šjson ,å‚æ•°å†…å®¹ä¸º {'source': 'APPLET', 'baby_id': '20479'}[0m
[32m[2019-06-10 13:21:36,429] [logger.py:79] [logger:__console] [INFO]- é¡µé¢è¿”å›ä¿¡æ¯ï¼š{"suc":false,"msg":"æ— æ³•å¤šæ¬¡é¢†å–è¯•å¬è¯¾","data":11,"response_code":2}[0m
[32m[2019-06-10 13:21:36,429] [logger.py:79] [logger:__console] [INFO]- æ£€æŸ¥ç‚¹ï¼š[{'check': 'msg', 'comparator': 'eq', 'expect': 'æˆåŠŸ'}][0m
[32m[2019-06-10 13:21:36,430] [logger.py:79] [logger:__console] [INFO]- ç”¨ä¾‹æµ‹è¯•ç»“æœ:   é¢†å–è¯•å¬è¯¾---->fail	[0m
[32m[2019-06-10 13:21:36,431] [logger.py:79] [logger:__console] [INFO]- *******æ­£åœ¨æ‰§è¡Œç”¨ä¾‹ï¼š-----  76 é¢†å–è¯•å¬è¯¾æ¥æº  ----**********[0m
[32m[2019-06-10 13:21:36,431] [logger.py:79] [logger:__console] [INFO]- è¯·æ±‚æ–¹å¼ï¼š get, è¯·æ±‚url: https://course.rest.xxbmm.com/users/trial_source[0m
[32m[2019-06-10 13:21:36,431] [logger.py:79] [logger:__console] [INFO]- è¯·æ±‚å¤´éƒ¨ï¼š{'token': 'eyJhbGciOiJIUzI1NiJ9.eyJzdGFydFRpbWUiOjE1NjAxNDQwMzU4ODYsImV4cGlyZVRpbWUiOjE1NjE0NDAwMzU4ODYsImlkZW50aWZ5IjoyMDkxN30.rNsdYF-yihBHUz9I8Zak547DI3YHOy2v4LUdjySzX3M', 'Accept': 'application/json;charset=UTF-8'}[0m
[32m[2019-06-10 13:21:36,432] [logger.py:79] [logger:__console] [INFO]- get è¯·æ±‚ï¼Œå‚æ•°ç±»å‹ä¸ºï¼šdata ,å‚æ•°å†…å®¹ä¸º {}[0m
[32m[2019-06-10 13:21:36,494] [logger.py:79] [logger:__console] [INFO]- é¡µé¢è¿”å›ä¿¡æ¯ï¼š{"suc":true,"msg":"æˆåŠŸ","data":"APPLET","response_code":0}[0m
[32m[2019-06-10 13:21:36,495] [logger.py:79] [logger:__console] [INFO]- æ£€æŸ¥ç‚¹ï¼š[{'check': 'msg', 'comparator': 'eq', 'expect': 'æˆåŠŸ'}][0m
[32m[2019-06-10 13:21:36,495] [logger.py:79] [logger:__console] [INFO]- ç”¨ä¾‹æµ‹è¯•ç»“æœ:   é¢†å–è¯•å¬è¯¾æ¥æº---->pass	[0m
[32m[2019-06-10 13:21:36,496] [logger.py:79] [logger:__console] [INFO]- body æ›¿æ¢ä¸Šä¸‹æ–‡ä¾èµ–å‚æ•°ï¼š {'course_id': '7', 'baby_id': '20479'}[0m
[32m[2019-06-10 13:21:36,496] [logger.py:79] [logger:__console] [INFO]- *******æ­£åœ¨æ‰§è¡Œç”¨ä¾‹ï¼š-----  38 æ·»åŠ åˆ°æ”¶è—  ----**********[0m
[32m[2019-06-10 13:21:36,497] [logger.py:79] [logger:__console] [INFO]- è¯·æ±‚æ–¹å¼ï¼š post, è¯·æ±‚url: https://course.rest.xxbmm.com/users/collect[0m
[32m[2019-06-10 13:21:36,497] [logger.py:79] [logger:__console] [INFO]- è¯·æ±‚å¤´éƒ¨ï¼š{'token': 'eyJhbGciOiJIUzI1NiJ9.eyJzdGFydFRpbWUiOjE1NjAxNDQwMzU4ODYsImV4cGlyZVRpbWUiOjE1NjE0NDAwMzU4ODYsImlkZW50aWZ5IjoyMDkxN30.rNsdYF-yihBHUz9I8Zak547DI3YHOy2v4LUdjySzX3M', 'Accept': 'application/json;charset=UTF-8'}[0m
[32m[2019-06-10 13:21:36,497] [logger.py:79] [logger:__console] [INFO]- post è¯·æ±‚ï¼Œå‚æ•°ç±»å‹ä¸ºï¼šjson ,å‚æ•°å†…å®¹ä¸º {'course_id': '7', 'baby_id': '20479'}[0m
[32m[2019-06-10 13:21:36,586] [logger.py:79] [logger:__console] [INFO]- é¡µé¢è¿”å›ä¿¡æ¯ï¼š{"suc":true,"msg":"æˆåŠŸ","data":20961,"response_code":0}[0m
[32m[2019-06-10 13:21:36,586] [logger.py:79] [logger:__console] [INFO]- Interface Params Totalï¼š1 ,write to json file successfully!
[0m
[32m[2019-06-10 13:21:36,587] [logger.py:79] [logger:__console] [INFO]- æ£€æŸ¥ç‚¹ï¼š[{'check': 'msg', 'comparator': 'eq', 'expect': 'æˆåŠŸ'}][0m
[32m[2019-06-10 13:21:36,587] [logger.py:79] [logger:__console] [INFO]- ç”¨ä¾‹æµ‹è¯•ç»“æœ:   æ·»åŠ åˆ°æ”¶è—---->pass	[0m
[32m[2019-06-10 13:21:36,588] [logger.py:79] [logger:__console] [INFO]- body æ›¿æ¢ä¸Šä¸‹æ–‡ä¾èµ–å‚æ•°ï¼š {'course_type': 'CORE', 'study_time': '100000', 'baby_id': 'None'}[0m
[32m[2019-06-10 13:21:36,588] [logger.py:79] [logger:__console] [INFO]- *******æ­£åœ¨æ‰§è¡Œç”¨ä¾‹ï¼š-----  3 ç”¨æˆ·å­¦ä¹ æ—¶é—´è®°å½•  ----**********[0m
[32m[2019-06-10 13:21:36,588] [logger.py:79] [logger:__console] [INFO]- è¯·æ±‚æ–¹å¼ï¼š post, è¯·æ±‚url: https://course.rest.xxbmm.com/users/study_time[0m
[32m[2019-06-10 13:21:36,589] [logger.py:79] [logger:__console] [INFO]- è¯·æ±‚å¤´éƒ¨ï¼š{'token': 'eyJhbGciOiJIUzI1NiJ9.eyJzdGFydFRpbWUiOjE1NjAxNDQwMzU4ODYsImV4cGlyZVRpbWUiOjE1NjE0NDAwMzU4ODYsImlkZW50aWZ5IjoyMDkxN30.rNsdYF-yihBHUz9I8Zak547DI3YHOy2v4LUdjySzX3M', 'Accept': 'application/json;charset=UTF-8'}[0m
[32m[2019-06-10 13:21:36,589] [logger.py:79] [logger:__console] [INFO]- post è¯·æ±‚ï¼Œå‚æ•°ç±»å‹ä¸ºï¼šjson ,å‚æ•°å†…å®¹ä¸º {'course_type': 'CORE', 'study_time': '100000', 'baby_id': 'None'}[0m
[32m[2019-06-10 13:21:36,651] [logger.py:79] [logger:__console] [INFO]- é¡µé¢è¿”å›ä¿¡æ¯ï¼š{"suc":false,"msg":"ç³»ç»Ÿå¼‚å¸¸","data":"ç³»ç»Ÿå¼‚å¸¸","response_code":1}[0m
[32m[2019-06-10 13:21:36,652] [logger.py:79] [logger:__console] [INFO]- æ£€æŸ¥ç‚¹ï¼š[][0m
[32m[2019-06-10 13:21:36,652] [logger.py:79] [logger:__console] [INFO]- ç”¨ä¾‹æµ‹è¯•ç»“æœ:   ç”¨æˆ·å­¦ä¹ æ—¶é—´è®°å½•---->[0m
[32m[2019-06-10 13:21:36,653] [logger.py:79] [logger:__console] [INFO]- body æ›¿æ¢ä¸Šä¸‹æ–‡ä¾èµ–å‚æ•°ï¼š {'id': '20961'}[0m
[32m[2019-06-10 13:21:36,653] [logger.py:79] [logger:__console] [INFO]- *******æ­£åœ¨æ‰§è¡Œç”¨ä¾‹ï¼š-----  100 æ”¶è—åˆ—è¡¨ä¸­ç§»é™¤æ”¶è—  ----**********[0m
[32m[2019-06-10 13:21:36,653] [logger.py:79] [logger:__console] [INFO]- è¯·æ±‚æ–¹å¼ï¼š delete, è¯·æ±‚url: https://course.rest.xxbmm.com/users/collect/20961[0m
[32m[2019-06-10 13:21:36,654] [logger.py:79] [logger:__console] [INFO]- è¯·æ±‚å¤´éƒ¨ï¼š{'token': 'eyJhbGciOiJIUzI1NiJ9.eyJzdGFydFRpbWUiOjE1NjAxNDQwMzU4ODYsImV4cGlyZVRpbWUiOjE1NjE0NDAwMzU4ODYsImlkZW50aWZ5IjoyMDkxN30.rNsdYF-yihBHUz9I8Zak547DI3YHOy2v4LUdjySzX3M', 'Accept': 'application/json;charset=UTF-8'}[0m
[32m[2019-06-10 13:21:36,654] [logger.py:79] [logger:__console] [INFO]- delete è¯·æ±‚ï¼Œå‚æ•°ç±»å‹ä¸ºï¼šdata ,å‚æ•°å†…å®¹ä¸º {}[0m
[32m[2019-06-10 13:21:36,737] [logger.py:79] [logger:__console] [INFO]- é¡µé¢è¿”å›ä¿¡æ¯ï¼š{"suc":true,"msg":"æˆåŠŸ","data":true,"response_code":0}[0m
[32m[2019-06-10 13:21:36,738] [logger.py:79] [logger:__console] [INFO]- æ£€æŸ¥ç‚¹ï¼š[{'check': 'msg', 'comparator': 'eq', 'expect': 'æˆåŠŸ'}][0m
[32m[2019-06-10 13:21:36,738] [logger.py:79] [logger:__console] [INFO]- ç”¨ä¾‹æµ‹è¯•ç»“æœ:   æ”¶è—åˆ—è¡¨ä¸­ç§»é™¤æ”¶è—---->pass	[0m
[32m[2019-06-10 13:21:36,739] [logger.py:79] [logger:__console] [INFO]- *******æ­£åœ¨æ‰§è¡Œç”¨ä¾‹ï¼š-----  79 ç”¨æˆ·æ˜¯å¦è´­ä¹°è¿‡æ ¸å¿ƒè¯¾  ----**********[0m
[32m[2019-06-10 13:21:36,739] [logger.py:79] [logger:__console] [INFO]- è¯·æ±‚æ–¹å¼ï¼š get, è¯·æ±‚url: https://course.rest.xxbmm.com/users/course/buy[0m
[32m[2019-06-10 13:21:36,739] [logger.py:79] [logger:__console] [INFO]- è¯·æ±‚å¤´éƒ¨ï¼š{'token': 'eyJhbGciOiJIUzI1NiJ9.eyJzdGFydFRpbWUiOjE1NjAxNDQwMzU4ODYsImV4cGlyZVRpbWUiOjE1NjE0NDAwMzU4ODYsImlkZW50aWZ5IjoyMDkxN30.rNsdYF-yihBHUz9I8Zak547DI3YHOy2v4LUdjySzX3M', 'Accept': 'application/json;charset=UTF-8'}[0m
[32m[2019-06-10 13:21:36,740] [logger.py:79] [logger:__console] [INFO]- get è¯·æ±‚ï¼Œå‚æ•°ç±»å‹ä¸ºï¼šdata ,å‚æ•°å†…å®¹ä¸º {}[0m
[32m[2019-06-10 13:21:36,803] [logger.py:79] [logger:__console] [INFO]- é¡µé¢è¿”å›ä¿¡æ¯ï¼š{"suc":true,"msg":"æˆåŠŸ","data":true,"response_code":0}[0m
[32m[2019-06-10 13:21:36,803] [logger.py:79] [logger:__console] [INFO]- æ£€æŸ¥ç‚¹ï¼š[{'check': 'msg', 'comparator': 'eq', 'expect': 'æˆåŠŸ'}][0m
[32m[2019-06-10 13:21:36,804] [logger.py:79] [logger:__console] [INFO]- ç”¨ä¾‹æµ‹è¯•ç»“æœ:   ç”¨æˆ·æ˜¯å¦è´­ä¹°è¿‡æ ¸å¿ƒè¯¾---->pass	[0m
[32m[2019-06-10 13:21:36,804] [logger.py:79] [logger:__console] [INFO]- *******æ­£åœ¨æ‰§è¡Œç”¨ä¾‹ï¼š-----  90 æˆ‘çš„è¯¾ç¨‹-æ ¸å¿ƒè¯¾  ----**********[0m
[32m[2019-06-10 13:21:36,804] [logger.py:79] [logger:__console] [INFO]- è¯·æ±‚æ–¹å¼ï¼š get, è¯·æ±‚url: https://course.rest.xxbmm.com/users/course/core[0m
[32m[2019-06-10 13:21:36,805] [logger.py:79] [logger:__console] [INFO]- è¯·æ±‚å¤´éƒ¨ï¼š{'token': 'eyJhbGciOiJIUzI1NiJ9.eyJzdGFydFRpbWUiOjE1NjAxNDQwMzU4ODYsImV4cGlyZVRpbWUiOjE1NjE0NDAwMzU4ODYsImlkZW50aWZ5IjoyMDkxN30.rNsdYF-yihBHUz9I8Zak547DI3YHOy2v4LUdjySzX3M', 'Accept': 'application/json;charset=UTF-8'}[0m
[32m[2019-06-10 13:21:36,805] [logger.py:79] [logger:__console] [INFO]- get è¯·æ±‚ï¼Œå‚æ•°ç±»å‹ä¸ºï¼šdata ,å‚æ•°å†…å®¹ä¸º {}[0m
[32m[2019-06-10 13:21:36,868] [logger.py:79] [logger:__console] [INFO]- é¡µé¢è¿”å›ä¿¡æ¯ï¼š{"suc":true,"msg":"æˆåŠŸ","data":[{"baby_id":20479,"create_time":"2019-06-06 17:47:16"}],"response_code":0}[0m
[32m[2019-06-10 13:21:36,869] [logger.py:79] [logger:__console] [INFO]- æ£€æŸ¥ç‚¹ï¼š[{'check': 'msg', 'comparator': 'eq', 'expect': 'æˆåŠŸ'}][0m
[32m[2019-06-10 13:21:36,869] [logger.py:79] [logger:__console] [INFO]- ç”¨ä¾‹æµ‹è¯•ç»“æœ:   æˆ‘çš„è¯¾ç¨‹-æ ¸å¿ƒè¯¾---->pass	[0m
[32m[2019-06-10 13:21:36,869] [logger.py:79] [logger:__console] [INFO]- *******æ­£åœ¨æ‰§è¡Œç”¨ä¾‹ï¼š-----  43 ç”¨æˆ·æ˜¯å¦é¢†å–äº†è¯•å¬è¯¾  ----**********[0m
[32m[2019-06-10 13:21:36,870] [logger.py:79] [logger:__console] [INFO]- è¯·æ±‚æ–¹å¼ï¼š get, è¯·æ±‚url: https://course.rest.xxbmm.com/users/course/trial[0m
[32m[2019-06-10 13:21:36,870] [logger.py:79] [logger:__console] [INFO]- è¯·æ±‚å¤´éƒ¨ï¼š{'token': 'eyJhbGciOiJIUzI1NiJ9.eyJzdGFydFRpbWUiOjE1NjAxNDQwMzU4ODYsImV4cGlyZVRpbWUiOjE1NjE0NDAwMzU4ODYsImlkZW50aWZ5IjoyMDkxN30.rNsdYF-yihBHUz9I8Zak547DI3YHOy2v4LUdjySzX3M', 'Accept': 'application/json;charset=UTF-8'}[0m
[32m[2019-06-10 13:21:36,870] [logger.py:79] [logger:__console] [INFO]- get è¯·æ±‚ï¼Œå‚æ•°ç±»å‹ä¸ºï¼šdata ,å‚æ•°å†…å®¹ä¸º {}[0m
[32m[2019-06-10 13:21:36,931] [logger.py:79] [logger:__console] [INFO]- é¡µé¢è¿”å›ä¿¡æ¯ï¼š{"suc":true,"msg":"æˆåŠŸ","data":true,"response_code":0}[0m
[32m[2019-06-10 13:21:36,932] [logger.py:79] [logger:__console] [INFO]- æ£€æŸ¥ç‚¹ï¼š[{'check': 'msg', 'comparator': 'eq', 'expect': 'æˆåŠŸ'}][0m
[32m[2019-06-10 13:21:36,932] [logger.py:79] [logger:__console] [INFO]- ç”¨ä¾‹æµ‹è¯•ç»“æœ:   ç”¨æˆ·æ˜¯å¦é¢†å–äº†è¯•å¬è¯¾---->pass	[0m
[32m[2019-06-10 13:21:36,933] [logger.py:79] [logger:__console] [INFO]- *******æ­£åœ¨æ‰§è¡Œç”¨ä¾‹ï¼š-----  31 è·å–ç”¨æˆ·openid  ----**********[0m
[32m[2019-06-10 13:21:36,933] [logger.py:79] [logger:__console] [INFO]- è¯·æ±‚æ–¹å¼ï¼š get, è¯·æ±‚url: https://course.rest.xxbmm.com/users/openid[0m
[32m[2019-06-10 13:21:36,933] [logger.py:79] [logger:__console] [INFO]- è¯·æ±‚å¤´éƒ¨ï¼š{'token': 'eyJhbGciOiJIUzI1NiJ9.eyJzdGFydFRpbWUiOjE1NjAxNDQwMzU4ODYsImV4cGlyZVRpbWUiOjE1NjE0NDAwMzU4ODYsImlkZW50aWZ5IjoyMDkxN30.rNsdYF-yihBHUz9I8Zak547DI3YHOy2v4LUdjySzX3M', 'Accept': 'application/json;charset=UTF-8'}[0m
[32m[2019-06-10 13:21:36,933] [logger.py:79] [logger:__console] [INFO]- get è¯·æ±‚ï¼Œå‚æ•°ç±»å‹ä¸ºï¼šdata ,å‚æ•°å†…å®¹ä¸º {'source': 'APPLET'}[0m
[32m[2019-06-10 13:21:36,996] [logger.py:79] [logger:__console] [INFO]- é¡µé¢è¿”å›ä¿¡æ¯ï¼š{"suc":true,"msg":"æˆåŠŸ","data":"ocIIn4141-6H2uTABfyz5XlTDBGU","response_code":0}[0m
[32m[2019-06-10 13:21:36,997] [logger.py:79] [logger:__console] [INFO]- æ£€æŸ¥ç‚¹ï¼š[{'check': 'msg', 'comparator': 'eq', 'expect': 'æˆåŠŸ'}][0m
[32m[2019-06-10 13:21:36,997] [logger.py:79] [logger:__console] [INFO]- ç”¨ä¾‹æµ‹è¯•ç»“æœ:   è·å–ç”¨æˆ·openid---->pass	[0m
[32m[2019-06-10 13:21:36,997] [logger.py:79] [logger:__console] [INFO]- *******æ­£åœ¨æ‰§è¡Œç”¨ä¾‹ï¼š-----  64 æˆ‘çš„è¯¾ç¨‹-ä¸“é¡¹è¯¾  ----**********[0m
[32m[2019-06-10 13:21:36,998] [logger.py:79] [logger:__console] [INFO]- è¯·æ±‚æ–¹å¼ï¼š get, è¯·æ±‚url: https://course.rest.xxbmm.com/users/course/special[0m
[32m[2019-06-10 13:21:36,998] [logger.py:79] [logger:__console] [INFO]- è¯·æ±‚å¤´éƒ¨ï¼š{'token': 'eyJhbGciOiJIUzI1NiJ9.eyJzdGFydFRpbWUiOjE1NjAxNDQwMzU4ODYsImV4cGlyZVRpbWUiOjE1NjE0NDAwMzU4ODYsImlkZW50aWZ5IjoyMDkxN30.rNsdYF-yihBHUz9I8Zak547DI3YHOy2v4LUdjySzX3M', 'Accept': 'application/json;charset=UTF-8'}[0m
[32m[2019-06-10 13:21:36,998] [logger.py:79] [logger:__console] [INFO]- get è¯·æ±‚ï¼Œå‚æ•°ç±»å‹ä¸ºï¼šdata ,å‚æ•°å†…å®¹ä¸º {}[0m
[32m[2019-06-10 13:21:37,126] [logger.py:79] [logger:__console] [INFO]- é¡µé¢è¿”å›ä¿¡æ¯ï¼š{"suc":true,"msg":"æˆåŠŸ","data":[{"id":1,"name":"æ¯›ç»’ç»’çš„çƒ-æ¯›ç»’ç»’çš„çƒ-æ¯›ç»’ç»’çš„çƒçƒçƒçƒ","title":"æŒ‡å°–ä¸Šçš„æ™ºæ…§ï¼Œç©å‡ºæ¥çš„å¤´è„‘é£æš´ï¼Œç†è®º+å®è·µï¼Œç§‘å­¦åˆæœ‰è¶£è®­ç»ƒå®å®ç²¾åŠ›å……æ²›ï¼Œ666å•ŠæŒ‡å°–ä¸Šçš„æ™ºæ…§ï¼Œç©å‡ºæ¥çš„å¤´è„‘é£æš´ï¼Œç†è®º+å®è·µï¼Œç§‘å­¦åˆæœ‰è¶£è®­ç»ƒå®å®ç²¾åŠ›å……æ²›ï¼Œ666å•ŠæŒ‡å°–ä¸Šçš„æ™ºæ…§ï¼Œç©å‡ºæ¥çš„å¤´è„‘é£æš´ï¼Œç†è®ºæ˜¯å•Š","img":"https://coursecdn.xxbmm.com/xxbmm-course-image/2019/03/20/11/24593d2f-1ea1-4400-80ea-ea3a380e2723.jpg","price":0.01,"original_price":10.00,"tags_name":["ä¼‘é—²å¨±ä¹","éŸ³ä¹æ„ŸçŸ¥","éŸ³ä¹å¯è’™","å°‘å„¿è‹±è¯­"],"buy_status":true,"buy_time":"2019-06-10 13:16:47"}],"response_code":0}[0m
[32m[2019-06-10 13:21:37,126] [logger.py:79] [logger:__console] [INFO]- Interface Params Totalï¼š1 ,write to json file successfully!
[0m
[32m[2019-06-10 13:21:37,127] [logger.py:79] [logger:__console] [INFO]- æ£€æŸ¥ç‚¹ï¼š[{'check': 'msg', 'comparator': 'eq', 'expect': 'æˆåŠŸ'}][0m
[32m[2019-06-10 13:21:37,127] [logger.py:79] [logger:__console] [INFO]- ç”¨ä¾‹æµ‹è¯•ç»“æœ:   æˆ‘çš„è¯¾ç¨‹-ä¸“é¡¹è¯¾---->pass	[0m
[32m[2019-06-10 13:21:37,128] [logger.py:79] [logger:__console] [INFO]- body æ›¿æ¢ä¸Šä¸‹æ–‡ä¾èµ–å‚æ•°ï¼š {'special_group_id': '1'}[0m
[32m[2019-06-10 13:21:37,128] [logger.py:79] [logger:__console] [INFO]- *******æ­£åœ¨æ‰§è¡Œç”¨ä¾‹ï¼š-----  29 ç”¨æˆ·æ˜¯å¦è´­ä¹°äº†æŒ‡å®šä¸“é¡¹è¯¾  ----**********[0m
[32m[2019-06-10 13:21:37,128] [logger.py:79] [logger:__console] [INFO]- è¯·æ±‚æ–¹å¼ï¼š get, è¯·æ±‚url: https://course.rest.xxbmm.com/users/special_buy[0m
[32m[2019-06-10 13:21:37,129] [logger.py:79] [logger:__console] [INFO]- è¯·æ±‚å¤´éƒ¨ï¼š{'token': 'eyJhbGciOiJIUzI1NiJ9.eyJzdGFydFRpbWUiOjE1NjAxNDQwMzU4ODYsImV4cGlyZVRpbWUiOjE1NjE0NDAwMzU4ODYsImlkZW50aWZ5IjoyMDkxN30.rNsdYF-yihBHUz9I8Zak547DI3YHOy2v4LUdjySzX3M', 'Accept': 'application/json;charset=UTF-8'}[0m
[32m[2019-06-10 13:21:37,129] [logger.py:79] [logger:__console] [INFO]- get è¯·æ±‚ï¼Œå‚æ•°ç±»å‹ä¸ºï¼šdata ,å‚æ•°å†…å®¹ä¸º {'special_group_id': '1'}[0m
[32m[2019-06-10 13:21:37,194] [logger.py:79] [logger:__console] [INFO]- é¡µé¢è¿”å›ä¿¡æ¯ï¼š{"suc":true,"msg":"æˆåŠŸ","data":true,"response_code":0}[0m
[32m[2019-06-10 13:21:37,194] [logger.py:79] [logger:__console] [INFO]- æ£€æŸ¥ç‚¹ï¼š[{'check': 'msg', 'comparator': 'eq', 'expect': 'æˆåŠŸ'}][0m
[32m[2019-06-10 13:21:37,194] [logger.py:79] [logger:__console] [INFO]- ç”¨ä¾‹æµ‹è¯•ç»“æœ:   ç”¨æˆ·æ˜¯å¦è´­ä¹°äº†æŒ‡å®šä¸“é¡¹è¯¾---->pass	[0m
[32m[2019-06-10 13:21:37,201] [logger.py:79] [logger:__console] [INFO]- æ‰§è¡Œç”¨ä¾‹ï¼Œç”ŸæˆHTMLæŠ¥å‘Š: 2019-06-10 13-21-35report.html
[0m
[32m[2019-06-10 13:21:37,202] [logger.py:79] [logger:__console] [INFO]- æœ€æ–°çš„æµ‹è¯•æŠ¥å‘Šæ˜¯ï¼š2019-06-10 13-21-35report.html[0m
[32m[2019-06-11 00:15:43,293] [logger.py:79] [logger:__console] [INFO]- æµ‹è¯•ç”¨ä¾‹ï¼š<unittest.suite.TestSuite tests=[<unittest.suite.TestSuite tests=[<unittest.suite.TestSuite tests=[<test_api.Test_api testMethod=test_api_01>, <test_api.Test_api testMethod=test_api_02>, <test_api.Test_api testMethod=test_api_03>, <test_api.Test_api testMethod=test_api_04>, <test_api.Test_api testMethod=test_api_05>, <test_api.Test_api testMethod=test_api_06>, <test_api.Test_api testMethod=test_api_07>, <test_api.Test_api testMethod=test_api_08>, <test_api.Test_api testMethod=test_api_09>, <test_api.Test_api testMethod=test_api_10>]>]>]>[0m
[32m[2019-06-11 00:15:43,294] [logger.py:79] [logger:__console] [INFO]- *******æ­£åœ¨æ‰§è¡Œç”¨ä¾‹ï¼š-----  71 æ¨¡æ‹Ÿæˆæƒ  ----**********[0m
[32m[2019-06-11 00:15:43,295] [logger.py:79] [logger:__console] [INFO]- è¯·æ±‚æ–¹å¼ï¼š post, è¯·æ±‚url: https://course.rest.xxbmm.com/ops[0m
[32m[2019-06-11 00:15:43,295] [logger.py:79] [logger:__console] [INFO]- è¯·æ±‚å¤´éƒ¨ï¼š{'Accept': 'application/json;charset=UTF-8', 'token': 'eyJhbGciOiJIUzI1NiJ9.eyJzdGFydFRpbWUiOjE1NjAxODMyNjkwODgsImV4cGlyZVRpbWUiOjE1NjE0NzkyNjkwODgsImlkZW50aWZ5IjoyMDkxN30.kuV9qLIW8Yeq3Jd_L5t6tBTmVSbTKIca74h3Pmyoxk4'}[0m
[32m[2019-06-11 00:15:43,295] [logger.py:79] [logger:__console] [INFO]- post è¯·æ±‚ï¼Œå‚æ•°ç±»å‹ä¸ºï¼šjson ,å‚æ•°å†…å®¹ä¸º {'openid': 'ocIIn4141-6H2uTABfyz5XlTDBGU', 'gender': '1', 'headimg': 'https://coursecdn.xxbmm.com/xxbmm-course-image/2019/05/17/17/ab2ef098-be16-4955-a144-a452815f5418.jpg', 'source': 'APPLET', 'nickname': 'é“åœ¨å…‰æ˜', 'unionid': 'oPmunjjIzQtjk2aBI4pfkVLcA9tE'}[0m
[32m[2019-06-11 00:15:43,529] [logger.py:79] [logger:__console] [INFO]- é¡µé¢è¿”å›ä¿¡æ¯ï¼š{"suc":true,"msg":"æˆåŠŸ","data":"eyJhbGciOiJIUzI1NiJ9.eyJzdGFydFRpbWUiOjE1NjAxODMzNDM1MDQsImV4cGlyZVRpbWUiOjE1NjE0NzkzNDM1MDQsImlkZW50aWZ5IjoyMDkxN30.rOyVdPahvmaqMACo3m7cCYvuGQ0pqjIb4M7EQxPAork","response_code":0}[0m
[32m[2019-06-11 00:15:43,530] [logger.py:79] [logger:__console] [INFO]- æ£€æŸ¥ç‚¹ï¼š[{'check': 'msg', 'comparator': 'eq', 'expect': 'æˆåŠŸ'}][0m
[32m[2019-06-11 00:15:43,530] [logger.py:79] [logger:__console] [INFO]- ç”¨ä¾‹æµ‹è¯•ç»“æœ:   æ¨¡æ‹Ÿæˆæƒ---->pass	[0m
[32m[2019-06-11 00:15:43,531] [logger.py:79] [logger:__console] [INFO]- *******æ­£åœ¨æ‰§è¡Œç”¨ä¾‹ï¼š-----  41 åˆ›å»ºå®å®  ----**********[0m
[32m[2019-06-11 00:15:43,531] [logger.py:79] [logger:__console] [INFO]- è¯·æ±‚æ–¹å¼ï¼š post, è¯·æ±‚url: https://course.rest.xxbmm.com/babys[0m
[32m[2019-06-11 00:15:43,532] [logger.py:79] [logger:__console] [INFO]- è¯·æ±‚å¤´éƒ¨ï¼š{'Accept': 'application/json;charset=UTF-8', 'token': 'eyJhbGciOiJIUzI1NiJ9.eyJzdGFydFRpbWUiOjE1NjAxODMyNjkwODgsImV4cGlyZVRpbWUiOjE1NjE0NzkyNjkwODgsImlkZW50aWZ5IjoyMDkxN30.kuV9qLIW8Yeq3Jd_L5t6tBTmVSbTKIca74h3Pmyoxk4'}[0m
[32m[2019-06-11 00:15:43,532] [logger.py:79] [logger:__console] [INFO]- post è¯·æ±‚ï¼Œå‚æ•°ç±»å‹ä¸ºï¼šjson ,å‚æ•°å†…å®¹ä¸º {'birthday': '2019-01-22', 'gender': 'MAN', 'name': 'å°ä¹–ä¹–åœ¨æ­¤', 'headimg': 'https://coursecdn.xxbmm.com/xxbmm-course-image/2019/06/05/18/65b52d5c-0724-42b2-bb4b-bf4407e84cdf.jpg'}[0m
[32m[2019-06-11 00:15:43,703] [logger.py:79] [logger:__console] [INFO]- é¡µé¢è¿”å›ä¿¡æ¯ï¼š{"suc":true,"msg":"æˆåŠŸ","data":20672,"response_code":0}[0m
[32m[2019-06-11 00:15:43,706] [logger.py:79] [logger:__console] [INFO]- Interface Params Totalï¼š1 ,write to json file successfully!
[0m
[32m[2019-06-11 00:15:43,706] [logger.py:79] [logger:__console] [INFO]- æ£€æŸ¥ç‚¹ï¼š[{'check': 'msg', 'comparator': 'eq', 'expect': 'æˆåŠŸ'}][0m
[32m[2019-06-11 00:15:43,706] [logger.py:79] [logger:__console] [INFO]- ç”¨ä¾‹æµ‹è¯•ç»“æœ:   åˆ›å»ºå®å®---->pass	[0m
[32m[2019-06-11 00:15:43,707] [logger.py:79] [logger:__console] [INFO]- *******æ­£åœ¨æ‰§è¡Œç”¨ä¾‹ï¼š-----  40 å®å®åˆ—è¡¨  ----**********[0m
[32m[2019-06-11 00:15:43,707] [logger.py:79] [logger:__console] [INFO]- è¯·æ±‚æ–¹å¼ï¼š get, è¯·æ±‚url: https://course.rest.xxbmm.com/babys[0m
[32m[2019-06-11 00:15:43,707] [logger.py:79] [logger:__console] [INFO]- è¯·æ±‚å¤´éƒ¨ï¼š{'Accept': 'application/json;charset=UTF-8', 'token': 'eyJhbGciOiJIUzI1NiJ9.eyJzdGFydFRpbWUiOjE1NjAxODMyNjkwODgsImV4cGlyZVRpbWUiOjE1NjE0NzkyNjkwODgsImlkZW50aWZ5IjoyMDkxN30.kuV9qLIW8Yeq3Jd_L5t6tBTmVSbTKIca74h3Pmyoxk4'}[0m
[32m[2019-06-11 00:15:43,707] [logger.py:79] [logger:__console] [INFO]- get è¯·æ±‚ï¼Œå‚æ•°ç±»å‹ä¸ºï¼šdata ,å‚æ•°å†…å®¹ä¸º {}[0m
[32m[2019-06-11 00:15:43,772] [logger.py:79] [logger:__console] [INFO]- é¡µé¢è¿”å›ä¿¡æ¯ï¼š{"suc":true,"msg":"æˆåŠŸ","data":[{"id":20479,"name":"å¤§ä¹–ä¹–åœ¨æ­¤","user_id":20917,"headimg":"https://coursecdn.xxbmm.com/xxbmm-course-image/2019/06/05/18/65b52d5c-0724-42b2-bb4b-bf4407e84cdf.jpg","gender":"WOMAN","birthday":"2017-01-22 00:00:00","birth":"BIRTH","age":"2å²4æœˆ","age_moon_name":null},{"id":20672,"name":"å°ä¹–ä¹–åœ¨æ­¤","user_id":20917,"headimg":"https://coursecdn.xxbmm.com/xxbmm-course-image/2019/06/05/18/65b52d5c-0724-42b2-bb4b-bf4407e84cdf.jpg","gender":"MAN","birthday":"2019-01-22 00:00:00","birth":"BIRTH","age":"4æœˆ20å¤©","age_moon_name":null}],"response_code":0}[0m
[32m[2019-06-11 00:15:43,773] [logger.py:79] [logger:__console] [INFO]- æ£€æŸ¥ç‚¹ï¼š[{'check': 'msg', 'comparator': 'eq', 'expect': 'æˆåŠŸ'}][0m
[32m[2019-06-11 00:15:43,773] [logger.py:79] [logger:__console] [INFO]- ç”¨ä¾‹æµ‹è¯•ç»“æœ:   å®å®åˆ—è¡¨---->pass	[0m
[32m[2019-06-11 00:15:43,774] [logger.py:79] [logger:__console] [INFO]- body æ›¿æ¢ä¸Šä¸‹æ–‡ä¾èµ–å‚æ•°ï¼š {'baby_id': '20672'}[0m
[32m[2019-06-11 00:15:43,774] [logger.py:79] [logger:__console] [INFO]- *******æ­£åœ¨æ‰§è¡Œç”¨ä¾‹ï¼š-----  56 å®å®æ˜¯å¦è´­ä¹°äº†è¯¾ç¨‹æ ¸å¿ƒè¯¾  ----**********[0m
[32m[2019-06-11 00:15:43,774] [logger.py:79] [logger:__console] [INFO]- è¯·æ±‚æ–¹å¼ï¼š get, è¯·æ±‚url: https://course.rest.xxbmm.com/babys/course/buy[0m
[32m[2019-06-11 00:15:43,774] [logger.py:79] [logger:__console] [INFO]- è¯·æ±‚å¤´éƒ¨ï¼š{'Accept': 'application/json;charset=UTF-8', 'token': 'eyJhbGciOiJIUzI1NiJ9.eyJzdGFydFRpbWUiOjE1NjAxODMyNjkwODgsImV4cGlyZVRpbWUiOjE1NjE0NzkyNjkwODgsImlkZW50aWZ5IjoyMDkxN30.kuV9qLIW8Yeq3Jd_L5t6tBTmVSbTKIca74h3Pmyoxk4'}[0m
[32m[2019-06-11 00:15:43,775] [logger.py:79] [logger:__console] [INFO]- get è¯·æ±‚ï¼Œå‚æ•°ç±»å‹ä¸ºï¼šdata ,å‚æ•°å†…å®¹ä¸º {'baby_id': '20672'}[0m
[32m[2019-06-11 00:15:43,845] [logger.py:79] [logger:__console] [INFO]- é¡µé¢è¿”å›ä¿¡æ¯ï¼š{"suc":true,"msg":"æˆåŠŸ","data":false,"response_code":0}[0m
[32m[2019-06-11 00:15:43,845] [logger.py:79] [logger:__console] [INFO]- æ£€æŸ¥ç‚¹ï¼š[{'check': 'msg', 'comparator': 'eq', 'expect': 'æˆåŠŸ'}][0m
[32m[2019-06-11 00:15:43,846] [logger.py:79] [logger:__console] [INFO]- ç”¨ä¾‹æµ‹è¯•ç»“æœ:   å®å®æ˜¯å¦è´­ä¹°äº†è¯¾ç¨‹æ ¸å¿ƒè¯¾---->pass	[0m
[32m[2019-06-11 00:15:43,846] [logger.py:79] [logger:__console] [INFO]- *******æ­£åœ¨æ‰§è¡Œç”¨ä¾‹ï¼š-----  87 è·å–å·²é¢†å–è¯•å¬è¯¾å®å®ID, æ²¡æœ‰å®å®é¢†å–è¿‡è¿”å›0  ----**********[0m
[32m[2019-06-11 00:15:43,846] [logger.py:79] [logger:__console] [INFO]- è¯·æ±‚æ–¹å¼ï¼š get, è¯·æ±‚url: https://course.rest.xxbmm.com/babys/get_push[0m
[32m[2019-06-11 00:15:43,846] [logger.py:79] [logger:__console] [INFO]- è¯·æ±‚å¤´éƒ¨ï¼š{'Accept': 'application/json;charset=UTF-8', 'token': 'eyJhbGciOiJIUzI1NiJ9.eyJzdGFydFRpbWUiOjE1NjAxODMyNjkwODgsImV4cGlyZVRpbWUiOjE1NjE0NzkyNjkwODgsImlkZW50aWZ5IjoyMDkxN30.kuV9qLIW8Yeq3Jd_L5t6tBTmVSbTKIca74h3Pmyoxk4'}[0m
[32m[2019-06-11 00:15:43,847] [logger.py:79] [logger:__console] [INFO]- get è¯·æ±‚ï¼Œå‚æ•°ç±»å‹ä¸ºï¼šdata ,å‚æ•°å†…å®¹ä¸º {}[0m
[32m[2019-06-11 00:15:43,913] [logger.py:79] [logger:__console] [INFO]- é¡µé¢è¿”å›ä¿¡æ¯ï¼š{"suc":true,"msg":"æˆåŠŸ","data":20479,"response_code":0}[0m
[32m[2019-06-11 00:15:43,913] [logger.py:79] [logger:__console] [INFO]- æ£€æŸ¥ç‚¹ï¼š[{'check': 'msg', 'comparator': 'eq', 'expect': 'æˆåŠŸ'}][0m
[32m[2019-06-11 00:15:43,914] [logger.py:79] [logger:__console] [INFO]- ç”¨ä¾‹æµ‹è¯•ç»“æœ:   è·å–å·²é¢†å–è¯•å¬è¯¾å®å®ID, æ²¡æœ‰å®å®é¢†å–è¿‡è¿”å›0---->pass	[0m
[32m[2019-06-11 00:15:43,914] [logger.py:79] [logger:__console] [INFO]- *******æ­£åœ¨æ‰§è¡Œç”¨ä¾‹ï¼š-----  103 è·å–æœªè´­ä¹°æ ¸å¿ƒè¯¾å®å®ID, æ²¡æœ‰å®å®é¢†å–è¿‡è¿”å›0  ----**********[0m
[32m[2019-06-11 00:15:43,914] [logger.py:79] [logger:__console] [INFO]- è¯·æ±‚æ–¹å¼ï¼š get, è¯·æ±‚url: https://course.rest.xxbmm.com/babys/none_core[0m
[32m[2019-06-11 00:15:43,915] [logger.py:79] [logger:__console] [INFO]- è¯·æ±‚å¤´éƒ¨ï¼š{'Accept': 'application/json;charset=UTF-8', 'token': 'eyJhbGciOiJIUzI1NiJ9.eyJzdGFydFRpbWUiOjE1NjAxODMyNjkwODgsImV4cGlyZVRpbWUiOjE1NjE0NzkyNjkwODgsImlkZW50aWZ5IjoyMDkxN30.kuV9qLIW8Yeq3Jd_L5t6tBTmVSbTKIca74h3Pmyoxk4'}[0m
[32m[2019-06-11 00:15:43,915] [logger.py:79] [logger:__console] [INFO]- get è¯·æ±‚ï¼Œå‚æ•°ç±»å‹ä¸ºï¼šdata ,å‚æ•°å†…å®¹ä¸º {}[0m
[32m[2019-06-11 00:15:43,980] [logger.py:79] [logger:__console] [INFO]- é¡µé¢è¿”å›ä¿¡æ¯ï¼š{"suc":true,"msg":"æˆåŠŸ","data":20672,"response_code":0}[0m
[32m[2019-06-11 00:15:43,981] [logger.py:79] [logger:__console] [INFO]- æ£€æŸ¥ç‚¹ï¼š[{'check': 'msg', 'comparator': 'eq', 'expect': 'æˆåŠŸ'}][0m
[32m[2019-06-11 00:15:43,981] [logger.py:79] [logger:__console] [INFO]- ç”¨ä¾‹æµ‹è¯•ç»“æœ:   è·å–æœªè´­ä¹°æ ¸å¿ƒè¯¾å®å®ID, æ²¡æœ‰å®å®é¢†å–è¿‡è¿”å›0---->pass	[0m
[32m[2019-06-11 00:15:43,981] [logger.py:79] [logger:__console] [INFO]- body æ›¿æ¢ä¸Šä¸‹æ–‡ä¾èµ–å‚æ•°ï¼š {'birthday': '2017-01-22', 'gender': 'WOMAN', 'name': 'å¤§ä¹–ä¹–åœ¨æ­¤', 'id': '20672', 'headimg': 'https://coursecdn.xxbmm.com/xxbmm-course-image/2019/06/05/18/65b52d5c-0724-42b2-bb4b-bf4407e84cdf.jpg'}[0m
[32m[2019-06-11 00:15:43,982] [logger.py:79] [logger:__console] [INFO]- *******æ­£åœ¨æ‰§è¡Œç”¨ä¾‹ï¼š-----  6 ä¿®æ”¹å®å®ä¿¡æ¯  ----**********[0m
[32m[2019-06-11 00:15:43,982] [logger.py:79] [logger:__console] [INFO]- è¯·æ±‚æ–¹å¼ï¼š put, è¯·æ±‚url: https://course.rest.xxbmm.com/babys/20672[0m
[32m[2019-06-11 00:15:43,982] [logger.py:79] [logger:__console] [INFO]- è¯·æ±‚å¤´éƒ¨ï¼š{'Accept': 'application/json;charset=UTF-8', 'token': 'eyJhbGciOiJIUzI1NiJ9.eyJzdGFydFRpbWUiOjE1NjAxODMyNjkwODgsImV4cGlyZVRpbWUiOjE1NjE0NzkyNjkwODgsImlkZW50aWZ5IjoyMDkxN30.kuV9qLIW8Yeq3Jd_L5t6tBTmVSbTKIca74h3Pmyoxk4'}[0m
[32m[2019-06-11 00:15:43,982] [logger.py:79] [logger:__console] [INFO]- put è¯·æ±‚ï¼Œå‚æ•°ç±»å‹ä¸ºï¼šjson ,å‚æ•°å†…å®¹ä¸º {'birthday': '2017-01-22', 'gender': 'WOMAN', 'name': 'å¤§ä¹–ä¹–åœ¨æ­¤', 'headimg': 'https://coursecdn.xxbmm.com/xxbmm-course-image/2019/06/05/18/65b52d5c-0724-42b2-bb4b-bf4407e84cdf.jpg'}[0m
[32m[2019-06-11 00:15:44,059] [logger.py:79] [logger:__console] [INFO]- é¡µé¢è¿”å›ä¿¡æ¯ï¼š{"suc":true,"msg":"æˆåŠŸ","data":true,"response_code":0}[0m
[32m[2019-06-11 00:15:44,060] [logger.py:79] [logger:__console] [INFO]- æ£€æŸ¥ç‚¹ï¼š[{'check': 'msg', 'comparator': 'eq', 'expect': 'æˆåŠŸ'}][0m
[32m[2019-06-11 00:15:44,060] [logger.py:79] [logger:__console] [INFO]- ç”¨ä¾‹æµ‹è¯•ç»“æœ:   ä¿®æ”¹å®å®ä¿¡æ¯---->pass	[0m
[32m[2019-06-11 00:15:44,061] [logger.py:79] [logger:__console] [INFO]- body æ›¿æ¢ä¸Šä¸‹æ–‡ä¾èµ–å‚æ•°ï¼š {'birthday': '2018-01-22', 'id': '20672'}[0m
[32m[2019-06-11 00:15:44,061] [logger.py:79] [logger:__console] [INFO]- *******æ­£åœ¨æ‰§è¡Œç”¨ä¾‹ï¼š-----  58 ä¿®æ”¹å®å®ç”Ÿæ—¥  ----**********[0m
[32m[2019-06-11 00:15:44,061] [logger.py:79] [logger:__console] [INFO]- è¯·æ±‚æ–¹å¼ï¼š put, è¯·æ±‚url: https://course.rest.xxbmm.com/babys/20672/birthday[0m
[32m[2019-06-11 00:15:44,061] [logger.py:79] [logger:__console] [INFO]- è¯·æ±‚å¤´éƒ¨ï¼š{'Accept': 'application/json;charset=UTF-8', 'token': 'eyJhbGciOiJIUzI1NiJ9.eyJzdGFydFRpbWUiOjE1NjAxODMyNjkwODgsImV4cGlyZVRpbWUiOjE1NjE0NzkyNjkwODgsImlkZW50aWZ5IjoyMDkxN30.kuV9qLIW8Yeq3Jd_L5t6tBTmVSbTKIca74h3Pmyoxk4'}[0m
[32m[2019-06-11 00:15:44,061] [logger.py:79] [logger:__console] [INFO]- put è¯·æ±‚ï¼Œå‚æ•°ç±»å‹ä¸ºï¼šjson ,å‚æ•°å†…å®¹ä¸º {'birthday': '2018-01-22'}[0m
[32m[2019-06-11 00:15:44,144] [logger.py:79] [logger:__console] [INFO]- é¡µé¢è¿”å›ä¿¡æ¯ï¼š{"suc":true,"msg":"æˆåŠŸ","data":true,"response_code":0}[0m
[32m[2019-06-11 00:15:44,145] [logger.py:79] [logger:__console] [INFO]- æ£€æŸ¥ç‚¹ï¼š[{'check': 'msg', 'comparator': 'eq', 'expect': 'æˆåŠŸ'}][0m
[32m[2019-06-11 00:15:44,145] [logger.py:79] [logger:__console] [INFO]- ç”¨ä¾‹æµ‹è¯•ç»“æœ:   ä¿®æ”¹å®å®ç”Ÿæ—¥---->pass	[0m
[32m[2019-06-11 00:15:44,145] [logger.py:79] [logger:__console] [INFO]- body æ›¿æ¢ä¸Šä¸‹æ–‡ä¾èµ–å‚æ•°ï¼š {'id': '20672'}[0m
[32m[2019-06-11 00:15:44,146] [logger.py:79] [logger:__console] [INFO]- *******æ­£åœ¨æ‰§è¡Œç”¨ä¾‹ï¼š-----  13 å®å®æ˜¯å¦é¢†å–è¿‡è¯•å¬è¯¾, é¢†å–è¿‡ä¸ºtrue  ----**********[0m
[32m[2019-06-11 00:15:44,146] [logger.py:79] [logger:__console] [INFO]- è¯·æ±‚æ–¹å¼ï¼š get, è¯·æ±‚url: https://course.rest.xxbmm.com/babys/20672/free[0m
[32m[2019-06-11 00:15:44,146] [logger.py:79] [logger:__console] [INFO]- è¯·æ±‚å¤´éƒ¨ï¼š{'Accept': 'application/json;charset=UTF-8', 'token': 'eyJhbGciOiJIUzI1NiJ9.eyJzdGFydFRpbWUiOjE1NjAxODMyNjkwODgsImV4cGlyZVRpbWUiOjE1NjE0NzkyNjkwODgsImlkZW50aWZ5IjoyMDkxN30.kuV9qLIW8Yeq3Jd_L5t6tBTmVSbTKIca74h3Pmyoxk4'}[0m
[32m[2019-06-11 00:15:44,146] [logger.py:79] [logger:__console] [INFO]- get è¯·æ±‚ï¼Œå‚æ•°ç±»å‹ä¸ºï¼šdata ,å‚æ•°å†…å®¹ä¸º {}[0m
[32m[2019-06-11 00:15:44,212] [logger.py:79] [logger:__console] [INFO]- é¡µé¢è¿”å›ä¿¡æ¯ï¼š{"suc":true,"msg":"æˆåŠŸ","data":false,"response_code":0}[0m
[32m[2019-06-11 00:15:44,212] [logger.py:79] [logger:__console] [INFO]- æ£€æŸ¥ç‚¹ï¼š[{'check': 'msg', 'comparator': 'eq', 'expect': 'æˆåŠŸ'}][0m
[32m[2019-06-11 00:15:44,212] [logger.py:79] [logger:__console] [INFO]- ç”¨ä¾‹æµ‹è¯•ç»“æœ:   å®å®æ˜¯å¦é¢†å–è¿‡è¯•å¬è¯¾, é¢†å–è¿‡ä¸ºtrue---->pass	[0m
[32m[2019-06-11 00:15:44,213] [logger.py:79] [logger:__console] [INFO]- body æ›¿æ¢ä¸Šä¸‹æ–‡ä¾èµ–å‚æ•°ï¼š {'id': '20672'}[0m
[32m[2019-06-11 00:15:44,213] [logger.py:79] [logger:__console] [INFO]- *******æ­£åœ¨æ‰§è¡Œç”¨ä¾‹ï¼š-----  7 åˆ é™¤å®å®ä¿¡æ¯  ----**********[0m
[32m[2019-06-11 00:15:44,213] [logger.py:79] [logger:__console] [INFO]- è¯·æ±‚æ–¹å¼ï¼š delete, è¯·æ±‚url: https://course.rest.xxbmm.com/babys/20672[0m
[32m[2019-06-11 00:15:44,213] [logger.py:79] [logger:__console] [INFO]- è¯·æ±‚å¤´éƒ¨ï¼š{'Accept': 'application/json;charset=UTF-8', 'token': 'eyJhbGciOiJIUzI1NiJ9.eyJzdGFydFRpbWUiOjE1NjAxODMyNjkwODgsImV4cGlyZVRpbWUiOjE1NjE0NzkyNjkwODgsImlkZW50aWZ5IjoyMDkxN30.kuV9qLIW8Yeq3Jd_L5t6tBTmVSbTKIca74h3Pmyoxk4'}[0m
[32m[2019-06-11 00:15:44,214] [logger.py:79] [logger:__console] [INFO]- delete è¯·æ±‚ï¼Œå‚æ•°ç±»å‹ä¸ºï¼šdata ,å‚æ•°å†…å®¹ä¸º {}[0m
[32m[2019-06-11 00:15:44,309] [logger.py:79] [logger:__console] [INFO]- é¡µé¢è¿”å›ä¿¡æ¯ï¼š{"suc":true,"msg":"æˆåŠŸ","data":true,"response_code":0}[0m
[32m[2019-06-11 00:15:44,309] [logger.py:79] [logger:__console] [INFO]- æ£€æŸ¥ç‚¹ï¼š[{'check': 'msg', 'comparator': 'eq', 'expect': 'æˆåŠŸ'}][0m
[32m[2019-06-11 00:15:44,309] [logger.py:79] [logger:__console] [INFO]- ç”¨ä¾‹æµ‹è¯•ç»“æœ:   åˆ é™¤å®å®ä¿¡æ¯---->pass	[0m
[32m[2019-06-11 00:15:44,321] [logger.py:79] [logger:__console] [INFO]- æ‰§è¡Œç”¨ä¾‹ï¼Œç”ŸæˆHTMLæŠ¥å‘Š: 2019-06-11 00-15-43report.html
[0m
[32m[2019-06-11 00:15:44,322] [logger.py:79] [logger:__console] [INFO]- æœ€æ–°çš„æµ‹è¯•æŠ¥å‘Šæ˜¯ï¼š2019-06-11 00-15-43report.html[0m
