[32m[2019-06-07 19:08:31,719] [logger.py:79] [logger:__console] [INFO]- æµ‹è¯•ç”¨ä¾‹ï¼š<unittest.suite.TestSuite tests=[<unittest.suite.TestSuite tests=[<unittest.suite.TestSuite tests=[<test_api.Test_api testMethod=test_api_1>, <test_api.Test_api testMethod=test_api_2>, <test_api.Test_api testMethod=test_api_3>]>]>]>[0m
[32m[2019-06-07 19:08:31,720] [logger.py:79] [logger:__console] [INFO]- *******æ­£åœ¨æ‰§è¡Œç”¨ä¾‹ï¼š-----  71 æ¨¡æ‹Ÿæˆæƒ  ----**********[0m
[32m[2019-06-07 19:08:31,720] [logger.py:79] [logger:__console] [INFO]- è¯·æ±‚æ–¹å¼ï¼š post, è¯·æ±‚url: https://course.rest.xxbmm.com/ops[0m
[32m[2019-06-07 19:08:31,720] [logger.py:79] [logger:__console] [INFO]- è¯·æ±‚å¤´éƒ¨ï¼š{'Accept': 'application/json;charset=UTF-8', 'token': 'eyJhbGciOiJIUzI1NiJ9.eyJzdGFydFRpbWUiOjE1NTk5MDU2OTg2ODEsImV4cGlyZVRpbWUiOjE1NjEyMDE2OTg2ODEsImlkZW50aWZ5IjoyMDkxN30.7qCwpmYOb8-IXlZOtmbud7uKom96UpmUXwktL3Rk-qc'}[0m
[32m[2019-06-07 19:08:31,721] [logger.py:79] [logger:__console] [INFO]- post è¯·æ±‚ï¼Œå‚æ•°ç±»å‹ä¸ºï¼šjson ,å‚æ•°å†…å®¹ä¸º {'unionid': 'oPmunjjIzQtjk2aBI4pfkVLcA9tE', 'headimg': 'https://coursecdn.xxbmm.com/xxbmm-course-image/2019/05/17/17/ab2ef098-be16-4955-a144-a452815f5418.jpg', 'openid': 'ocIIn4141-6H2uTABfyz5XlTDBGU', 'source': 'APPLET', 'gender': '1', 'nickname': 'é“åœ¨å…‰æ˜'}[0m
[32m[2019-06-07 19:08:31,977] [logger.py:79] [logger:__console] [INFO]- é¡µé¢è¿”å›ä¿¡æ¯ï¼š{"suc":true,"msg":"æˆåŠŸ","data":"eyJhbGciOiJIUzI1NiJ9.eyJzdGFydFRpbWUiOjE1NTk5MDU3MTE5NTIsImV4cGlyZVRpbWUiOjE1NjEyMDE3MTE5NTIsImlkZW50aWZ5IjoyMDkxN30.FDvGCvDUywVFQor3f-gWHgaVlDaStDvveh2WNLtSNl4","response_code":0}[0m
[32m[2019-06-07 19:08:31,978] [logger.py:79] [logger:__console] [INFO]- æ£€æŸ¥ç‚¹ï¼š[{'check': 'msg', 'comparator': 'eq', 'expect': 'æˆåŠŸ'}][0m
[32m[2019-06-07 19:08:31,978] [logger.py:79] [logger:__console] [INFO]- ç”¨ä¾‹æµ‹è¯•ç»“æœ:   æ¨¡æ‹Ÿæˆæƒ---->pass	[0m
[32m[2019-06-07 19:08:31,979] [logger.py:79] [logger:__console] [INFO]- *******æ­£åœ¨æ‰§è¡Œç”¨ä¾‹ï¼š-----  40 å®å®åˆ—è¡¨  ----**********[0m
[32m[2019-06-07 19:08:31,979] [logger.py:79] [logger:__console] [INFO]- è¯·æ±‚æ–¹å¼ï¼š get, è¯·æ±‚url: https://course.rest.xxbmm.com/babys[0m
[32m[2019-06-07 19:08:31,979] [logger.py:79] [logger:__console] [INFO]- è¯·æ±‚å¤´éƒ¨ï¼š{'Accept': 'application/json;charset=UTF-8', 'token': 'eyJhbGciOiJIUzI1NiJ9.eyJzdGFydFRpbWUiOjE1NTk5MDU2OTg2ODEsImV4cGlyZVRpbWUiOjE1NjEyMDE2OTg2ODEsImlkZW50aWZ5IjoyMDkxN30.7qCwpmYOb8-IXlZOtmbud7uKom96UpmUXwktL3Rk-qc'}[0m
[32m[2019-06-07 19:08:31,980] [logger.py:79] [logger:__console] [INFO]- get è¯·æ±‚ï¼Œå‚æ•°ç±»å‹ä¸ºï¼šdata ,å‚æ•°å†…å®¹ä¸º {}[0m
[32m[2019-06-07 19:08:32,050] [logger.py:79] [logger:__console] [INFO]- é¡µé¢è¿”å›ä¿¡æ¯ï¼š{"suc":true,"msg":"æˆåŠŸ","data":[{"id":20479,"name":"å¤§ä¹–ä¹–åœ¨æ­¤","user_id":20917,"headimg":"https://coursecdn.xxbmm.com/xxbmm-course-image/2019/06/05/18/65b52d5c-0724-42b2-bb4b-bf4407e84cdf.jpg","gender":"WOMAN","birthday":"2017-01-22 00:00:00","birth":"BIRTH","age":"2å²4æœˆ","age_moon_name":null}],"response_code":0}[0m
[32m[2019-06-07 19:08:32,051] [logger.py:79] [logger:__console] [INFO]- Interface Params Totalï¼š1 ,write to json file successfully!
[0m
[32m[2019-06-07 19:08:32,052] [logger.py:79] [logger:__console] [INFO]- æ£€æŸ¥ç‚¹ï¼š[{'check': 'msg', 'comparator': 'eq', 'expect': 'æˆåŠŸ'}][0m
[32m[2019-06-07 19:08:32,052] [logger.py:79] [logger:__console] [INFO]- ç”¨ä¾‹æµ‹è¯•ç»“æœ:   å®å®åˆ—è¡¨---->pass	[0m
[32m[2019-06-07 19:08:32,053] [logger.py:79] [logger:__console] [INFO]- body æ›¿æ¢ä¸Šä¸‹æ–‡ä¾èµ–å‚æ•°ï¼š {'baby_id': '20479'}[0m
[32m[2019-06-07 19:08:32,053] [logger.py:79] [logger:__console] [INFO]- *******æ­£åœ¨æ‰§è¡Œç”¨ä¾‹ï¼š-----  56 å®å®æ˜¯å¦è´­ä¹°äº†è¯¾ç¨‹æ ¸å¿ƒè¯¾  ----**********[0m
[32m[2019-06-07 19:08:32,054] [logger.py:79] [logger:__console] [INFO]- è¯·æ±‚æ–¹å¼ï¼š get, è¯·æ±‚url: https://course.rest.xxbmm.com/babys/course/buy[0m
[32m[2019-06-07 19:08:32,054] [logger.py:79] [logger:__console] [INFO]- è¯·æ±‚å¤´éƒ¨ï¼š{'Accept': 'application/json;charset=UTF-8', 'token': 'eyJhbGciOiJIUzI1NiJ9.eyJzdGFydFRpbWUiOjE1NTk5MDU2OTg2ODEsImV4cGlyZVRpbWUiOjE1NjEyMDE2OTg2ODEsImlkZW50aWZ5IjoyMDkxN30.7qCwpmYOb8-IXlZOtmbud7uKom96UpmUXwktL3Rk-qc'}[0m
[32m[2019-06-07 19:08:32,054] [logger.py:79] [logger:__console] [INFO]- get è¯·æ±‚ï¼Œå‚æ•°ç±»å‹ä¸ºï¼šdata ,å‚æ•°å†…å®¹ä¸º {'baby_id': '20479'}[0m
[32m[2019-06-07 19:08:32,126] [logger.py:79] [logger:__console] [INFO]- é¡µé¢è¿”å›ä¿¡æ¯ï¼š{"suc":true,"msg":"æˆåŠŸ","data":true,"response_code":0}[0m
[32m[2019-06-07 19:08:32,127] [logger.py:79] [logger:__console] [INFO]- æ£€æŸ¥ç‚¹ï¼š[{'check': 'msg', 'comparator': 'eq', 'expect': 'æˆåŠŸ'}][0m
[32m[2019-06-07 19:08:32,127] [logger.py:79] [logger:__console] [INFO]- ç”¨ä¾‹æµ‹è¯•ç»“æœ:   å®å®æ˜¯å¦è´­ä¹°äº†è¯¾ç¨‹æ ¸å¿ƒè¯¾---->pass	[0m
[32m[2019-06-07 19:08:32,138] [logger.py:79] [logger:__console] [INFO]- æ‰§è¡Œç”¨ä¾‹ï¼Œç”ŸæˆHTMLæŠ¥å‘Š: 2019-06-07 19-08-31report.html
[0m
[32m[2019-06-07 19:08:32,140] [logger.py:79] [logger:__console] [INFO]- æœ€æ–°çš„æµ‹è¯•æŠ¥å‘Šæ˜¯ï¼š2019-06-07 19-08-31report.html[0m
[32m[2019-06-07 23:54:53,488] [logger.py:79] [logger:__console] [INFO]- æµ‹è¯•ç”¨ä¾‹ï¼š<unittest.suite.TestSuite tests=[<unittest.suite.TestSuite tests=[<unittest.suite.TestSuite tests=[<test_api.Test_api testMethod=test_api_01>, <test_api.Test_api testMethod=test_api_02>, <test_api.Test_api testMethod=test_api_03>, <test_api.Test_api testMethod=test_api_04>, <test_api.Test_api testMethod=test_api_05>, <test_api.Test_api testMethod=test_api_06>, <test_api.Test_api testMethod=test_api_07>, <test_api.Test_api testMethod=test_api_08>, <test_api.Test_api testMethod=test_api_09>, <test_api.Test_api testMethod=test_api_10>]>]>]>[0m
[32m[2019-06-07 23:54:53,490] [logger.py:79] [logger:__console] [INFO]- *******æ­£åœ¨æ‰§è¡Œç”¨ä¾‹ï¼š-----  71 æ¨¡æ‹Ÿæˆæƒ  ----**********[0m
[32m[2019-06-07 23:54:53,490] [logger.py:79] [logger:__console] [INFO]- è¯·æ±‚æ–¹å¼ï¼š post, è¯·æ±‚url: https://course.rest.xxbmm.com/ops[0m
[32m[2019-06-07 23:54:53,490] [logger.py:79] [logger:__console] [INFO]- è¯·æ±‚å¤´éƒ¨ï¼š{'Accept': 'application/json;charset=UTF-8', 'token': 'eyJhbGciOiJIUzI1NiJ9.eyJzdGFydFRpbWUiOjE1NTk5MDU2OTg2ODEsImV4cGlyZVRpbWUiOjE1NjEyMDE2OTg2ODEsImlkZW50aWZ5IjoyMDkxN30.7qCwpmYOb8-IXlZOtmbud7uKom96UpmUXwktL3Rk-qc'}[0m
[32m[2019-06-07 23:54:53,491] [logger.py:79] [logger:__console] [INFO]- post è¯·æ±‚ï¼Œå‚æ•°ç±»å‹ä¸ºï¼šjson ,å‚æ•°å†…å®¹ä¸º {'unionid': 'oPmunjjIzQtjk2aBI4pfkVLcA9tE', 'headimg': 'https://coursecdn.xxbmm.com/xxbmm-course-image/2019/05/17/17/ab2ef098-be16-4955-a144-a452815f5418.jpg', 'openid': 'ocIIn4141-6H2uTABfyz5XlTDBGU', 'source': 'APPLET', 'gender': '1', 'nickname': 'é“åœ¨å…‰æ˜'}[0m
[32m[2019-06-07 23:54:53,723] [logger.py:79] [logger:__console] [INFO]- é¡µé¢è¿”å›ä¿¡æ¯ï¼š{"suc":true,"msg":"æˆåŠŸ","data":"eyJhbGciOiJIUzI1NiJ9.eyJzdGFydFRpbWUiOjE1NTk5MjI4OTM2OTcsImV4cGlyZVRpbWUiOjE1NjEyMTg4OTM2OTcsImlkZW50aWZ5IjoyMDkxN30.MlgC08D5sEZCXFMpkFmpeg_doAtLPtBRmI_7pVCZO4c","response_code":0}[0m
[32m[2019-06-07 23:54:53,724] [logger.py:79] [logger:__console] [INFO]- æ£€æŸ¥ç‚¹ï¼š[{'check': 'msg', 'comparator': 'eq', 'expect': 'æˆåŠŸ'}][0m
[32m[2019-06-07 23:54:53,724] [logger.py:79] [logger:__console] [INFO]- ç”¨ä¾‹æµ‹è¯•ç»“æœ:   æ¨¡æ‹Ÿæˆæƒ---->pass	[0m
[32m[2019-06-07 23:54:53,725] [logger.py:79] [logger:__console] [INFO]- *******æ­£åœ¨æ‰§è¡Œç”¨ä¾‹ï¼š-----  41 åˆ›å»ºå®å®  ----**********[0m
[32m[2019-06-07 23:54:53,725] [logger.py:79] [logger:__console] [INFO]- è¯·æ±‚æ–¹å¼ï¼š post, è¯·æ±‚url: https://course.rest.xxbmm.com/babys[0m
[32m[2019-06-07 23:54:53,725] [logger.py:79] [logger:__console] [INFO]- è¯·æ±‚å¤´éƒ¨ï¼š{'Accept': 'application/json;charset=UTF-8', 'token': 'eyJhbGciOiJIUzI1NiJ9.eyJzdGFydFRpbWUiOjE1NTk5MDU2OTg2ODEsImV4cGlyZVRpbWUiOjE1NjEyMDE2OTg2ODEsImlkZW50aWZ5IjoyMDkxN30.7qCwpmYOb8-IXlZOtmbud7uKom96UpmUXwktL3Rk-qc'}[0m
[32m[2019-06-07 23:54:53,726] [logger.py:79] [logger:__console] [INFO]- post è¯·æ±‚ï¼Œå‚æ•°ç±»å‹ä¸ºï¼šjson ,å‚æ•°å†…å®¹ä¸º {'headimg': 'https://coursecdn.xxbmm.com/xxbmm-course-image/2019/06/05/18/65b52d5c-0724-42b2-bb4b-bf4407e84cdf.jpg', 'birthday': '2019-01-22', 'name': 'å°ä¹–ä¹–åœ¨æ­¤', 'gender': 'MAN'}[0m
[32m[2019-06-07 23:54:53,876] [logger.py:79] [logger:__console] [INFO]- é¡µé¢è¿”å›ä¿¡æ¯ï¼š{"suc":true,"msg":"æˆåŠŸ","data":20579,"response_code":0}[0m
[32m[2019-06-07 23:54:53,876] [logger.py:79] [logger:__console] [INFO]- Interface Params Totalï¼š1 ,write to json file successfully!
[0m
[32m[2019-06-07 23:54:53,877] [logger.py:79] [logger:__console] [INFO]- æ£€æŸ¥ç‚¹ï¼š[{'check': 'msg', 'comparator': 'eq', 'expect': 'æˆåŠŸ'}][0m
[32m[2019-06-07 23:54:53,877] [logger.py:79] [logger:__console] [INFO]- ç”¨ä¾‹æµ‹è¯•ç»“æœ:   åˆ›å»ºå®å®---->pass	[0m
[32m[2019-06-07 23:54:53,878] [logger.py:79] [logger:__console] [INFO]- *******æ­£åœ¨æ‰§è¡Œç”¨ä¾‹ï¼š-----  40 å®å®åˆ—è¡¨  ----**********[0m
[32m[2019-06-07 23:54:53,878] [logger.py:79] [logger:__console] [INFO]- è¯·æ±‚æ–¹å¼ï¼š get, è¯·æ±‚url: https://course.rest.xxbmm.com/babys[0m
[32m[2019-06-07 23:54:53,878] [logger.py:79] [logger:__console] [INFO]- è¯·æ±‚å¤´éƒ¨ï¼š{'Accept': 'application/json;charset=UTF-8', 'token': 'eyJhbGciOiJIUzI1NiJ9.eyJzdGFydFRpbWUiOjE1NTk5MDU2OTg2ODEsImV4cGlyZVRpbWUiOjE1NjEyMDE2OTg2ODEsImlkZW50aWZ5IjoyMDkxN30.7qCwpmYOb8-IXlZOtmbud7uKom96UpmUXwktL3Rk-qc'}[0m
[32m[2019-06-07 23:54:53,879] [logger.py:79] [logger:__console] [INFO]- get è¯·æ±‚ï¼Œå‚æ•°ç±»å‹ä¸ºï¼šdata ,å‚æ•°å†…å®¹ä¸º {}[0m
[32m[2019-06-07 23:54:53,942] [logger.py:79] [logger:__console] [INFO]- é¡µé¢è¿”å›ä¿¡æ¯ï¼š{"suc":true,"msg":"æˆåŠŸ","data":[{"id":20479,"name":"å¤§ä¹–ä¹–åœ¨æ­¤","user_id":20917,"headimg":"https://coursecdn.xxbmm.com/xxbmm-course-image/2019/06/05/18/65b52d5c-0724-42b2-bb4b-bf4407e84cdf.jpg","gender":"WOMAN","birthday":"2017-01-22 00:00:00","birth":"BIRTH","age":"2å²4æœˆ","age_moon_name":null},{"id":20579,"name":"å°ä¹–ä¹–åœ¨æ­¤","user_id":20917,"headimg":"https://coursecdn.xxbmm.com/xxbmm-course-image/2019/06/05/18/65b52d5c-0724-42b2-bb4b-bf4407e84cdf.jpg","gender":"MAN","birthday":"2019-01-22 00:00:00","birth":"BIRTH","age":"4æœˆ16å¤©","age_moon_name":null}],"response_code":0}[0m
[32m[2019-06-07 23:54:53,943] [logger.py:79] [logger:__console] [INFO]- æ£€æŸ¥ç‚¹ï¼š[{'check': 'msg', 'comparator': 'eq', 'expect': 'æˆåŠŸ'}][0m
[32m[2019-06-07 23:54:53,943] [logger.py:79] [logger:__console] [INFO]- ç”¨ä¾‹æµ‹è¯•ç»“æœ:   å®å®åˆ—è¡¨---->pass	[0m
[32m[2019-06-07 23:54:53,944] [logger.py:79] [logger:__console] [INFO]- body æ›¿æ¢ä¸Šä¸‹æ–‡ä¾èµ–å‚æ•°ï¼š {'baby_id': '20579'}[0m
[32m[2019-06-07 23:54:53,944] [logger.py:79] [logger:__console] [INFO]- *******æ­£åœ¨æ‰§è¡Œç”¨ä¾‹ï¼š-----  56 å®å®æ˜¯å¦è´­ä¹°äº†è¯¾ç¨‹æ ¸å¿ƒè¯¾  ----**********[0m
[32m[2019-06-07 23:54:53,945] [logger.py:79] [logger:__console] [INFO]- è¯·æ±‚æ–¹å¼ï¼š get, è¯·æ±‚url: https://course.rest.xxbmm.com/babys/course/buy[0m
[32m[2019-06-07 23:54:53,945] [logger.py:79] [logger:__console] [INFO]- è¯·æ±‚å¤´éƒ¨ï¼š{'Accept': 'application/json;charset=UTF-8', 'token': 'eyJhbGciOiJIUzI1NiJ9.eyJzdGFydFRpbWUiOjE1NTk5MDU2OTg2ODEsImV4cGlyZVRpbWUiOjE1NjEyMDE2OTg2ODEsImlkZW50aWZ5IjoyMDkxN30.7qCwpmYOb8-IXlZOtmbud7uKom96UpmUXwktL3Rk-qc'}[0m
[32m[2019-06-07 23:54:53,945] [logger.py:79] [logger:__console] [INFO]- get è¯·æ±‚ï¼Œå‚æ•°ç±»å‹ä¸ºï¼šdata ,å‚æ•°å†…å®¹ä¸º {'baby_id': '20579'}[0m
[32m[2019-06-07 23:54:54,014] [logger.py:79] [logger:__console] [INFO]- é¡µé¢è¿”å›ä¿¡æ¯ï¼š{"suc":true,"msg":"æˆåŠŸ","data":false,"response_code":0}[0m
[32m[2019-06-07 23:54:54,015] [logger.py:79] [logger:__console] [INFO]- æ£€æŸ¥ç‚¹ï¼š[{'check': 'msg', 'comparator': 'eq', 'expect': 'æˆåŠŸ'}][0m
[32m[2019-06-07 23:54:54,015] [logger.py:79] [logger:__console] [INFO]- ç”¨ä¾‹æµ‹è¯•ç»“æœ:   å®å®æ˜¯å¦è´­ä¹°äº†è¯¾ç¨‹æ ¸å¿ƒè¯¾---->pass	[0m
[32m[2019-06-07 23:54:54,016] [logger.py:79] [logger:__console] [INFO]- *******æ­£åœ¨æ‰§è¡Œç”¨ä¾‹ï¼š-----  87 è·å–å·²é¢†å–è¯•å¬è¯¾å®å®ID, æ²¡æœ‰å®å®é¢†å–è¿‡è¿”å›0  ----**********[0m
[32m[2019-06-07 23:54:54,016] [logger.py:79] [logger:__console] [INFO]- è¯·æ±‚æ–¹å¼ï¼š get, è¯·æ±‚url: https://course.rest.xxbmm.com/babys/get_push[0m
[32m[2019-06-07 23:54:54,016] [logger.py:79] [logger:__console] [INFO]- è¯·æ±‚å¤´éƒ¨ï¼š{'Accept': 'application/json;charset=UTF-8', 'token': 'eyJhbGciOiJIUzI1NiJ9.eyJzdGFydFRpbWUiOjE1NTk5MDU2OTg2ODEsImV4cGlyZVRpbWUiOjE1NjEyMDE2OTg2ODEsImlkZW50aWZ5IjoyMDkxN30.7qCwpmYOb8-IXlZOtmbud7uKom96UpmUXwktL3Rk-qc'}[0m
[32m[2019-06-07 23:54:54,017] [logger.py:79] [logger:__console] [INFO]- get è¯·æ±‚ï¼Œå‚æ•°ç±»å‹ä¸ºï¼šdata ,å‚æ•°å†…å®¹ä¸º {}[0m
[32m[2019-06-07 23:54:54,080] [logger.py:79] [logger:__console] [INFO]- é¡µé¢è¿”å›ä¿¡æ¯ï¼š{"suc":true,"msg":"æˆåŠŸ","data":20479,"response_code":0}[0m
[32m[2019-06-07 23:54:54,081] [logger.py:79] [logger:__console] [INFO]- æ£€æŸ¥ç‚¹ï¼š[{'check': 'msg', 'comparator': 'eq', 'expect': 'æˆåŠŸ'}][0m
[32m[2019-06-07 23:54:54,081] [logger.py:79] [logger:__console] [INFO]- ç”¨ä¾‹æµ‹è¯•ç»“æœ:   è·å–å·²é¢†å–è¯•å¬è¯¾å®å®ID, æ²¡æœ‰å®å®é¢†å–è¿‡è¿”å›0---->pass	[0m
[32m[2019-06-07 23:54:54,082] [logger.py:79] [logger:__console] [INFO]- *******æ­£åœ¨æ‰§è¡Œç”¨ä¾‹ï¼š-----  103 è·å–æœªè´­ä¹°æ ¸å¿ƒè¯¾å®å®ID, æ²¡æœ‰å®å®é¢†å–è¿‡è¿”å›0  ----**********[0m
[32m[2019-06-07 23:54:54,082] [logger.py:79] [logger:__console] [INFO]- è¯·æ±‚æ–¹å¼ï¼š get, è¯·æ±‚url: https://course.rest.xxbmm.com/babys/none_core[0m
[32m[2019-06-07 23:54:54,083] [logger.py:79] [logger:__console] [INFO]- è¯·æ±‚å¤´éƒ¨ï¼š{'Accept': 'application/json;charset=UTF-8', 'token': 'eyJhbGciOiJIUzI1NiJ9.eyJzdGFydFRpbWUiOjE1NTk5MDU2OTg2ODEsImV4cGlyZVRpbWUiOjE1NjEyMDE2OTg2ODEsImlkZW50aWZ5IjoyMDkxN30.7qCwpmYOb8-IXlZOtmbud7uKom96UpmUXwktL3Rk-qc'}[0m
[32m[2019-06-07 23:54:54,083] [logger.py:79] [logger:__console] [INFO]- get è¯·æ±‚ï¼Œå‚æ•°ç±»å‹ä¸ºï¼šdata ,å‚æ•°å†…å®¹ä¸º {}[0m
[32m[2019-06-07 23:54:54,145] [logger.py:79] [logger:__console] [INFO]- é¡µé¢è¿”å›ä¿¡æ¯ï¼š{"suc":true,"msg":"æˆåŠŸ","data":20579,"response_code":0}[0m
[32m[2019-06-07 23:54:54,146] [logger.py:79] [logger:__console] [INFO]- æ£€æŸ¥ç‚¹ï¼š[{'check': 'msg', 'comparator': 'eq', 'expect': 'æˆåŠŸ'}][0m
[32m[2019-06-07 23:54:54,146] [logger.py:79] [logger:__console] [INFO]- ç”¨ä¾‹æµ‹è¯•ç»“æœ:   è·å–æœªè´­ä¹°æ ¸å¿ƒè¯¾å®å®ID, æ²¡æœ‰å®å®é¢†å–è¿‡è¿”å›0---->pass	[0m
[32m[2019-06-07 23:54:54,147] [logger.py:79] [logger:__console] [INFO]- body æ›¿æ¢ä¸Šä¸‹æ–‡ä¾èµ–å‚æ•°ï¼š {'name': 'å¤§ä¹–ä¹–åœ¨æ­¤', 'birthday': '2017-01-22', 'gender': 'WOMAN', 'headimg': 'https://coursecdn.xxbmm.com/xxbmm-course-image/2019/06/05/18/65b52d5c-0724-42b2-bb4b-bf4407e84cdf.jpg', 'id': '20579'}[0m
[32m[2019-06-07 23:54:54,147] [logger.py:79] [logger:__console] [INFO]- *******æ­£åœ¨æ‰§è¡Œç”¨ä¾‹ï¼š-----  6 ä¿®æ”¹å®å®ä¿¡æ¯  ----**********[0m
[32m[2019-06-07 23:54:54,147] [logger.py:79] [logger:__console] [INFO]- è¯·æ±‚æ–¹å¼ï¼š put, è¯·æ±‚url: https://course.rest.xxbmm.com/babys/20579[0m
[32m[2019-06-07 23:54:54,148] [logger.py:79] [logger:__console] [INFO]- è¯·æ±‚å¤´éƒ¨ï¼š{'Accept': 'application/json;charset=UTF-8', 'token': 'eyJhbGciOiJIUzI1NiJ9.eyJzdGFydFRpbWUiOjE1NTk5MDU2OTg2ODEsImV4cGlyZVRpbWUiOjE1NjEyMDE2OTg2ODEsImlkZW50aWZ5IjoyMDkxN30.7qCwpmYOb8-IXlZOtmbud7uKom96UpmUXwktL3Rk-qc'}[0m
[32m[2019-06-07 23:54:54,148] [logger.py:79] [logger:__console] [INFO]- put è¯·æ±‚ï¼Œå‚æ•°ç±»å‹ä¸ºï¼šjson ,å‚æ•°å†…å®¹ä¸º {'name': 'å¤§ä¹–ä¹–åœ¨æ­¤', 'birthday': '2017-01-22', 'gender': 'WOMAN', 'headimg': 'https://coursecdn.xxbmm.com/xxbmm-course-image/2019/06/05/18/65b52d5c-0724-42b2-bb4b-bf4407e84cdf.jpg'}[0m
[32m[2019-06-07 23:54:54,222] [logger.py:79] [logger:__console] [INFO]- é¡µé¢è¿”å›ä¿¡æ¯ï¼š{"suc":true,"msg":"æˆåŠŸ","data":true,"response_code":0}[0m
[32m[2019-06-07 23:54:54,223] [logger.py:79] [logger:__console] [INFO]- æ£€æŸ¥ç‚¹ï¼š[{'check': 'msg', 'comparator': 'eq', 'expect': 'æˆåŠŸ'}][0m
[32m[2019-06-07 23:54:54,223] [logger.py:79] [logger:__console] [INFO]- ç”¨ä¾‹æµ‹è¯•ç»“æœ:   ä¿®æ”¹å®å®ä¿¡æ¯---->pass	[0m
[32m[2019-06-07 23:54:54,224] [logger.py:79] [logger:__console] [INFO]- body æ›¿æ¢ä¸Šä¸‹æ–‡ä¾èµ–å‚æ•°ï¼š {'birthday': '2018-01-22', 'id': '20579'}[0m
[32m[2019-06-07 23:54:54,224] [logger.py:79] [logger:__console] [INFO]- *******æ­£åœ¨æ‰§è¡Œç”¨ä¾‹ï¼š-----  58 ä¿®æ”¹å®å®ç”Ÿæ—¥  ----**********[0m
[32m[2019-06-07 23:54:54,224] [logger.py:79] [logger:__console] [INFO]- è¯·æ±‚æ–¹å¼ï¼š put, è¯·æ±‚url: https://course.rest.xxbmm.com/babys/20579/birthday[0m
[32m[2019-06-07 23:54:54,225] [logger.py:79] [logger:__console] [INFO]- è¯·æ±‚å¤´éƒ¨ï¼š{'Accept': 'application/json;charset=UTF-8', 'token': 'eyJhbGciOiJIUzI1NiJ9.eyJzdGFydFRpbWUiOjE1NTk5MDU2OTg2ODEsImV4cGlyZVRpbWUiOjE1NjEyMDE2OTg2ODEsImlkZW50aWZ5IjoyMDkxN30.7qCwpmYOb8-IXlZOtmbud7uKom96UpmUXwktL3Rk-qc'}[0m
[32m[2019-06-07 23:54:54,225] [logger.py:79] [logger:__console] [INFO]- put è¯·æ±‚ï¼Œå‚æ•°ç±»å‹ä¸ºï¼šjson ,å‚æ•°å†…å®¹ä¸º {'birthday': '2018-01-22'}[0m
[32m[2019-06-07 23:54:54,298] [logger.py:79] [logger:__console] [INFO]- é¡µé¢è¿”å›ä¿¡æ¯ï¼š{"suc":true,"msg":"æˆåŠŸ","data":true,"response_code":0}[0m
[32m[2019-06-07 23:54:54,298] [logger.py:79] [logger:__console] [INFO]- æ£€æŸ¥ç‚¹ï¼š[{'check': 'msg', 'comparator': 'eq', 'expect': 'æˆåŠŸ'}][0m
[32m[2019-06-07 23:54:54,299] [logger.py:79] [logger:__console] [INFO]- ç”¨ä¾‹æµ‹è¯•ç»“æœ:   ä¿®æ”¹å®å®ç”Ÿæ—¥---->pass	[0m
[32m[2019-06-07 23:54:54,299] [logger.py:79] [logger:__console] [INFO]- body æ›¿æ¢ä¸Šä¸‹æ–‡ä¾èµ–å‚æ•°ï¼š {'id': '20579'}[0m
[32m[2019-06-07 23:54:54,300] [logger.py:79] [logger:__console] [INFO]- *******æ­£åœ¨æ‰§è¡Œç”¨ä¾‹ï¼š-----  13 å®å®æ˜¯å¦é¢†å–è¿‡è¯•å¬è¯¾, é¢†å–è¿‡ä¸ºtrue  ----**********[0m
[32m[2019-06-07 23:54:54,300] [logger.py:79] [logger:__console] [INFO]- è¯·æ±‚æ–¹å¼ï¼š get, è¯·æ±‚url: https://course.rest.xxbmm.com/babys/20579/free[0m
[32m[2019-06-07 23:54:54,300] [logger.py:79] [logger:__console] [INFO]- è¯·æ±‚å¤´éƒ¨ï¼š{'Accept': 'application/json;charset=UTF-8', 'token': 'eyJhbGciOiJIUzI1NiJ9.eyJzdGFydFRpbWUiOjE1NTk5MDU2OTg2ODEsImV4cGlyZVRpbWUiOjE1NjEyMDE2OTg2ODEsImlkZW50aWZ5IjoyMDkxN30.7qCwpmYOb8-IXlZOtmbud7uKom96UpmUXwktL3Rk-qc'}[0m
[32m[2019-06-07 23:54:54,301] [logger.py:79] [logger:__console] [INFO]- get è¯·æ±‚ï¼Œå‚æ•°ç±»å‹ä¸ºï¼šdata ,å‚æ•°å†…å®¹ä¸º {}[0m
[32m[2019-06-07 23:54:54,365] [logger.py:79] [logger:__console] [INFO]- é¡µé¢è¿”å›ä¿¡æ¯ï¼š{"suc":true,"msg":"æˆåŠŸ","data":false,"response_code":0}[0m
[32m[2019-06-07 23:54:54,365] [logger.py:79] [logger:__console] [INFO]- æ£€æŸ¥ç‚¹ï¼š[{'check': 'msg', 'comparator': 'eq', 'expect': 'æˆåŠŸ'}][0m
[32m[2019-06-07 23:54:54,366] [logger.py:79] [logger:__console] [INFO]- ç”¨ä¾‹æµ‹è¯•ç»“æœ:   å®å®æ˜¯å¦é¢†å–è¿‡è¯•å¬è¯¾, é¢†å–è¿‡ä¸ºtrue---->pass	[0m
[32m[2019-06-07 23:54:54,367] [logger.py:79] [logger:__console] [INFO]- body æ›¿æ¢ä¸Šä¸‹æ–‡ä¾èµ–å‚æ•°ï¼š {'id': '20579'}[0m
[32m[2019-06-07 23:54:54,367] [logger.py:79] [logger:__console] [INFO]- *******æ­£åœ¨æ‰§è¡Œç”¨ä¾‹ï¼š-----  7 åˆ é™¤å®å®ä¿¡æ¯  ----**********[0m
[32m[2019-06-07 23:54:54,367] [logger.py:79] [logger:__console] [INFO]- è¯·æ±‚æ–¹å¼ï¼š delete, è¯·æ±‚url: https://course.rest.xxbmm.com/babys/20579[0m
[32m[2019-06-07 23:54:54,368] [logger.py:79] [logger:__console] [INFO]- è¯·æ±‚å¤´éƒ¨ï¼š{'Accept': 'application/json;charset=UTF-8', 'token': 'eyJhbGciOiJIUzI1NiJ9.eyJzdGFydFRpbWUiOjE1NTk5MDU2OTg2ODEsImV4cGlyZVRpbWUiOjE1NjEyMDE2OTg2ODEsImlkZW50aWZ5IjoyMDkxN30.7qCwpmYOb8-IXlZOtmbud7uKom96UpmUXwktL3Rk-qc'}[0m
[32m[2019-06-07 23:54:54,368] [logger.py:79] [logger:__console] [INFO]- delete è¯·æ±‚ï¼Œå‚æ•°ç±»å‹ä¸ºï¼šdata ,å‚æ•°å†…å®¹ä¸º {}[0m
[32m[2019-06-07 23:54:54,459] [logger.py:79] [logger:__console] [INFO]- é¡µé¢è¿”å›ä¿¡æ¯ï¼š{"suc":true,"msg":"æˆåŠŸ","data":true,"response_code":0}[0m
[32m[2019-06-07 23:54:54,460] [logger.py:79] [logger:__console] [INFO]- æ£€æŸ¥ç‚¹ï¼š[{'check': 'msg', 'comparator': 'eq', 'expect': 'æˆåŠŸ'}][0m
[32m[2019-06-07 23:54:54,460] [logger.py:79] [logger:__console] [INFO]- ç”¨ä¾‹æµ‹è¯•ç»“æœ:   åˆ é™¤å®å®ä¿¡æ¯---->pass	[0m
[32m[2019-06-07 23:54:54,465] [logger.py:79] [logger:__console] [INFO]- æ‰§è¡Œç”¨ä¾‹ï¼Œç”ŸæˆHTMLæŠ¥å‘Š: 2019-06-07 23-54-53report.html
[0m
[32m[2019-06-07 23:54:54,467] [logger.py:79] [logger:__console] [INFO]- æœ€æ–°çš„æµ‹è¯•æŠ¥å‘Šæ˜¯ï¼š2019-06-07 23-54-53report.html[0m
