[2019-06-04 21:40:33,456] [views.py:942] [views:plan_update] [ERROR]- 计划 1231 中的 用例 2 已被删除！！！
[2019-06-04 21:40:35,656] [views.py:1029] [views:plan_unittest_run] [ERROR]- 计划：1231 中的 用例 2 已被删除！
[2019-06-04 21:40:38,411] [execute.py:48] [execute:test_case] [ERROR]- 用例 2 已被删除！
[2019-06-05 00:17:10,031] [views.py:111] [views:page_not_found] [ERROR]- -------------------->404 error<--------------------
[2019-06-05 00:30:10,456] [views.py:111] [views:page_not_found] [ERROR]- -------------------->404 error<--------------------
[2019-06-05 02:07:05,788] [views.py:111] [views:page_not_found] [ERROR]- -------------------->404 error<--------------------
[2019-06-05 02:44:50,408] [views.py:111] [views:page_not_found] [ERROR]- -------------------->404 error<--------------------
[2019-06-05 04:57:26,485] [views.py:111] [views:page_not_found] [ERROR]- -------------------->404 error<--------------------
[2019-06-05 06:09:23,073] [views.py:111] [views:page_not_found] [ERROR]- -------------------->404 error<--------------------
[2019-06-05 06:09:23,126] [views.py:111] [views:page_not_found] [ERROR]- -------------------->404 error<--------------------
[2019-06-05 06:09:23,171] [views.py:111] [views:page_not_found] [ERROR]- -------------------->404 error<--------------------
[2019-06-05 06:16:10,521] [views.py:84] [views:login_action] [ERROR]- 用户名或密码错误... test test123456
[2019-06-05 06:16:10,563] [views.py:111] [views:page_not_found] [ERROR]- -------------------->404 error<--------------------
[2019-06-05 06:16:15,115] [views.py:111] [views:page_not_found] [ERROR]- -------------------->404 error<--------------------
[2019-06-05 06:16:15,213] [views.py:111] [views:page_not_found] [ERROR]- -------------------->404 error<--------------------
[2019-06-05 06:16:15,265] [views.py:111] [views:page_not_found] [ERROR]- -------------------->404 error<--------------------
[2019-06-05 06:27:11,218] [views.py:111] [views:page_not_found] [ERROR]- -------------------->404 error<--------------------
[2019-06-05 06:27:11,731] [views.py:111] [views:page_not_found] [ERROR]- -------------------->404 error<--------------------
[2019-06-05 06:27:12,187] [views.py:111] [views:page_not_found] [ERROR]- -------------------->404 error<--------------------
[2019-06-05 06:27:12,652] [views.py:111] [views:page_not_found] [ERROR]- -------------------->404 error<--------------------
[2019-06-05 06:27:13,127] [views.py:111] [views:page_not_found] [ERROR]- -------------------->404 error<--------------------
[2019-06-05 06:27:13,599] [views.py:111] [views:page_not_found] [ERROR]- -------------------->404 error<--------------------
[2019-06-05 06:27:14,062] [views.py:111] [views:page_not_found] [ERROR]- -------------------->404 error<--------------------
[2019-06-05 06:27:14,522] [views.py:111] [views:page_not_found] [ERROR]- -------------------->404 error<--------------------
[2019-06-05 06:27:15,006] [views.py:111] [views:page_not_found] [ERROR]- -------------------->404 error<--------------------
[2019-06-05 06:27:15,465] [views.py:111] [views:page_not_found] [ERROR]- -------------------->404 error<--------------------
[2019-06-05 06:27:15,931] [views.py:111] [views:page_not_found] [ERROR]- -------------------->404 error<--------------------
[2019-06-05 06:27:16,400] [views.py:111] [views:page_not_found] [ERROR]- -------------------->404 error<--------------------
[2019-06-05 06:27:16,852] [views.py:111] [views:page_not_found] [ERROR]- -------------------->404 error<--------------------
[2019-06-05 06:27:17,309] [views.py:111] [views:page_not_found] [ERROR]- -------------------->404 error<--------------------
[2019-06-05 06:27:17,773] [views.py:111] [views:page_not_found] [ERROR]- -------------------->404 error<--------------------
[2019-06-05 06:27:18,232] [views.py:111] [views:page_not_found] [ERROR]- -------------------->404 error<--------------------
[2019-06-05 06:27:18,689] [views.py:111] [views:page_not_found] [ERROR]- -------------------->404 error<--------------------
[2019-06-05 06:27:19,146] [views.py:111] [views:page_not_found] [ERROR]- -------------------->404 error<--------------------
[2019-06-05 06:27:19,608] [views.py:111] [views:page_not_found] [ERROR]- -------------------->404 error<--------------------
[2019-06-05 06:27:20,062] [views.py:111] [views:page_not_found] [ERROR]- -------------------->404 error<--------------------
[2019-06-05 06:27:20,515] [views.py:111] [views:page_not_found] [ERROR]- -------------------->404 error<--------------------
[2019-06-05 06:27:20,976] [views.py:111] [views:page_not_found] [ERROR]- -------------------->404 error<--------------------
[2019-06-05 06:27:21,437] [views.py:111] [views:page_not_found] [ERROR]- -------------------->404 error<--------------------
[2019-06-05 06:27:21,899] [views.py:111] [views:page_not_found] [ERROR]- -------------------->404 error<--------------------
[2019-06-05 06:27:22,361] [views.py:111] [views:page_not_found] [ERROR]- -------------------->404 error<--------------------
[2019-06-05 06:27:22,827] [views.py:111] [views:page_not_found] [ERROR]- -------------------->404 error<--------------------
[2019-06-05 06:27:23,287] [views.py:111] [views:page_not_found] [ERROR]- -------------------->404 error<--------------------
[2019-06-05 06:27:23,751] [views.py:111] [views:page_not_found] [ERROR]- -------------------->404 error<--------------------
[2019-06-05 06:27:24,209] [views.py:111] [views:page_not_found] [ERROR]- -------------------->404 error<--------------------
[2019-06-05 06:27:24,673] [views.py:111] [views:page_not_found] [ERROR]- -------------------->404 error<--------------------
[2019-06-05 06:27:25,133] [views.py:111] [views:page_not_found] [ERROR]- -------------------->404 error<--------------------
[2019-06-05 06:27:25,589] [views.py:111] [views:page_not_found] [ERROR]- -------------------->404 error<--------------------
[2019-06-05 06:27:26,046] [views.py:111] [views:page_not_found] [ERROR]- -------------------->404 error<--------------------
[2019-06-05 06:27:26,523] [views.py:111] [views:page_not_found] [ERROR]- -------------------->404 error<--------------------
[2019-06-05 06:27:26,978] [views.py:111] [views:page_not_found] [ERROR]- -------------------->404 error<--------------------
[2019-06-05 06:27:27,451] [views.py:111] [views:page_not_found] [ERROR]- -------------------->404 error<--------------------
[2019-06-05 06:27:27,929] [views.py:111] [views:page_not_found] [ERROR]- -------------------->404 error<--------------------
[2019-06-05 06:27:28,390] [views.py:111] [views:page_not_found] [ERROR]- -------------------->404 error<--------------------
[2019-06-05 06:27:28,849] [views.py:111] [views:page_not_found] [ERROR]- -------------------->404 error<--------------------
[2019-06-05 06:27:29,302] [views.py:111] [views:page_not_found] [ERROR]- -------------------->404 error<--------------------
[2019-06-05 06:27:29,765] [views.py:111] [views:page_not_found] [ERROR]- -------------------->404 error<--------------------
[2019-06-05 06:27:30,225] [views.py:111] [views:page_not_found] [ERROR]- -------------------->404 error<--------------------
[2019-06-05 06:27:30,689] [views.py:111] [views:page_not_found] [ERROR]- -------------------->404 error<--------------------
[2019-06-05 06:27:31,160] [views.py:111] [views:page_not_found] [ERROR]- -------------------->404 error<--------------------
[2019-06-05 06:27:31,675] [views.py:111] [views:page_not_found] [ERROR]- -------------------->404 error<--------------------
[2019-06-05 06:27:32,166] [views.py:111] [views:page_not_found] [ERROR]- -------------------->404 error<--------------------
[2019-06-05 06:27:32,621] [views.py:111] [views:page_not_found] [ERROR]- -------------------->404 error<--------------------
[2019-06-05 06:27:33,079] [views.py:111] [views:page_not_found] [ERROR]- -------------------->404 error<--------------------
[2019-06-05 06:27:33,536] [views.py:111] [views:page_not_found] [ERROR]- -------------------->404 error<--------------------
[2019-06-05 06:27:33,989] [views.py:111] [views:page_not_found] [ERROR]- -------------------->404 error<--------------------
[2019-06-05 06:27:34,450] [views.py:111] [views:page_not_found] [ERROR]- -------------------->404 error<--------------------
[2019-06-05 06:27:34,903] [views.py:111] [views:page_not_found] [ERROR]- -------------------->404 error<--------------------
[2019-06-05 06:27:35,359] [views.py:111] [views:page_not_found] [ERROR]- -------------------->404 error<--------------------
[2019-06-05 06:27:35,813] [views.py:111] [views:page_not_found] [ERROR]- -------------------->404 error<--------------------
[2019-06-05 06:27:36,273] [views.py:111] [views:page_not_found] [ERROR]- -------------------->404 error<--------------------
[2019-06-05 06:27:36,736] [views.py:111] [views:page_not_found] [ERROR]- -------------------->404 error<--------------------
[2019-06-05 06:27:37,199] [views.py:111] [views:page_not_found] [ERROR]- -------------------->404 error<--------------------
[2019-06-05 06:27:37,661] [views.py:111] [views:page_not_found] [ERROR]- -------------------->404 error<--------------------
[2019-06-05 06:27:38,118] [views.py:111] [views:page_not_found] [ERROR]- -------------------->404 error<--------------------
[2019-06-05 06:27:38,577] [views.py:111] [views:page_not_found] [ERROR]- -------------------->404 error<--------------------
[2019-06-05 06:27:39,046] [views.py:111] [views:page_not_found] [ERROR]- -------------------->404 error<--------------------
[2019-06-05 06:27:39,507] [views.py:111] [views:page_not_found] [ERROR]- -------------------->404 error<--------------------
[2019-06-05 06:27:39,972] [views.py:111] [views:page_not_found] [ERROR]- -------------------->404 error<--------------------
[2019-06-05 06:27:40,436] [views.py:111] [views:page_not_found] [ERROR]- -------------------->404 error<--------------------
[2019-06-05 06:27:40,953] [views.py:111] [views:page_not_found] [ERROR]- -------------------->404 error<--------------------
[2019-06-05 06:27:41,476] [views.py:111] [views:page_not_found] [ERROR]- -------------------->404 error<--------------------
[2019-06-05 06:27:41,993] [views.py:111] [views:page_not_found] [ERROR]- -------------------->404 error<--------------------
[2019-06-05 06:27:42,502] [views.py:111] [views:page_not_found] [ERROR]- -------------------->404 error<--------------------
[2019-06-05 06:27:42,969] [views.py:111] [views:page_not_found] [ERROR]- -------------------->404 error<--------------------
[2019-06-05 06:27:43,439] [views.py:111] [views:page_not_found] [ERROR]- -------------------->404 error<--------------------
[2019-06-05 06:27:43,904] [views.py:111] [views:page_not_found] [ERROR]- -------------------->404 error<--------------------
[2019-06-05 06:27:44,365] [views.py:111] [views:page_not_found] [ERROR]- -------------------->404 error<--------------------
[2019-06-05 06:27:44,838] [views.py:111] [views:page_not_found] [ERROR]- -------------------->404 error<--------------------
[2019-06-05 06:27:45,318] [views.py:111] [views:page_not_found] [ERROR]- -------------------->404 error<--------------------
[2019-06-05 06:27:45,788] [views.py:111] [views:page_not_found] [ERROR]- -------------------->404 error<--------------------
[2019-06-05 06:27:46,246] [views.py:111] [views:page_not_found] [ERROR]- -------------------->404 error<--------------------
[2019-06-05 06:27:46,708] [views.py:111] [views:page_not_found] [ERROR]- -------------------->404 error<--------------------
[2019-06-05 06:27:47,171] [views.py:111] [views:page_not_found] [ERROR]- -------------------->404 error<--------------------
[2019-06-05 06:27:47,633] [views.py:111] [views:page_not_found] [ERROR]- -------------------->404 error<--------------------
[2019-06-05 06:27:48,096] [views.py:111] [views:page_not_found] [ERROR]- -------------------->404 error<--------------------
[2019-06-05 06:27:48,555] [views.py:111] [views:page_not_found] [ERROR]- -------------------->404 error<--------------------
[2019-06-05 06:27:49,013] [views.py:111] [views:page_not_found] [ERROR]- -------------------->404 error<--------------------
[2019-06-05 06:27:49,473] [views.py:111] [views:page_not_found] [ERROR]- -------------------->404 error<--------------------
[2019-06-05 06:27:49,937] [views.py:111] [views:page_not_found] [ERROR]- -------------------->404 error<--------------------
[2019-06-05 06:27:50,396] [views.py:111] [views:page_not_found] [ERROR]- -------------------->404 error<--------------------
[2019-06-05 06:27:50,857] [views.py:111] [views:page_not_found] [ERROR]- -------------------->404 error<--------------------
[2019-06-05 06:27:51,323] [views.py:111] [views:page_not_found] [ERROR]- -------------------->404 error<--------------------
[2019-06-05 06:27:51,784] [views.py:111] [views:page_not_found] [ERROR]- -------------------->404 error<--------------------
[2019-06-05 06:27:52,246] [views.py:111] [views:page_not_found] [ERROR]- -------------------->404 error<--------------------
[2019-06-05 06:27:52,700] [views.py:111] [views:page_not_found] [ERROR]- -------------------->404 error<--------------------
[2019-06-05 06:27:53,168] [views.py:111] [views:page_not_found] [ERROR]- -------------------->404 error<--------------------
[2019-06-05 06:27:53,633] [views.py:111] [views:page_not_found] [ERROR]- -------------------->404 error<--------------------
[2019-06-05 06:27:54,106] [views.py:111] [views:page_not_found] [ERROR]- -------------------->404 error<--------------------
[2019-06-05 06:27:54,582] [views.py:111] [views:page_not_found] [ERROR]- -------------------->404 error<--------------------
[2019-06-05 06:27:55,062] [views.py:111] [views:page_not_found] [ERROR]- -------------------->404 error<--------------------
[2019-06-05 06:27:55,529] [views.py:111] [views:page_not_found] [ERROR]- -------------------->404 error<--------------------
[2019-06-05 06:27:55,991] [views.py:111] [views:page_not_found] [ERROR]- -------------------->404 error<--------------------
[2019-06-05 06:27:56,491] [views.py:111] [views:page_not_found] [ERROR]- -------------------->404 error<--------------------
[2019-06-05 06:27:56,978] [views.py:111] [views:page_not_found] [ERROR]- -------------------->404 error<--------------------
[2019-06-05 06:27:57,456] [views.py:111] [views:page_not_found] [ERROR]- -------------------->404 error<--------------------
[2019-06-05 06:27:57,915] [views.py:111] [views:page_not_found] [ERROR]- -------------------->404 error<--------------------
[2019-06-05 06:27:58,373] [views.py:111] [views:page_not_found] [ERROR]- -------------------->404 error<--------------------
[2019-06-05 06:27:58,827] [views.py:111] [views:page_not_found] [ERROR]- -------------------->404 error<--------------------
[2019-06-05 06:27:59,291] [views.py:111] [views:page_not_found] [ERROR]- -------------------->404 error<--------------------
[2019-06-05 06:27:59,752] [views.py:111] [views:page_not_found] [ERROR]- -------------------->404 error<--------------------
[2019-06-05 06:28:00,210] [views.py:111] [views:page_not_found] [ERROR]- -------------------->404 error<--------------------
[2019-06-05 06:28:00,670] [views.py:111] [views:page_not_found] [ERROR]- -------------------->404 error<--------------------
[2019-06-05 06:28:01,130] [views.py:111] [views:page_not_found] [ERROR]- -------------------->404 error<--------------------
[2019-06-05 06:30:28,197] [views.py:111] [views:page_not_found] [ERROR]- -------------------->404 error<--------------------
[2019-06-05 06:30:28,248] [views.py:111] [views:page_not_found] [ERROR]- -------------------->404 error<--------------------
[2019-06-05 06:30:28,313] [views.py:111] [views:page_not_found] [ERROR]- -------------------->404 error<--------------------
[2019-06-05 07:05:03,645] [views.py:117] [views:server_error] [ERROR]- -------------------->500 error<--------------------
[2019-06-05 07:05:03,689] [views.py:117] [views:server_error] [ERROR]- -------------------->500 error<--------------------
[2019-06-05 07:05:03,732] [views.py:117] [views:server_error] [ERROR]- -------------------->500 error<--------------------
[2019-06-05 07:16:20,166] [views.py:111] [views:page_not_found] [ERROR]- -------------------->404 error<--------------------
[2019-06-05 07:32:09,279] [views.py:111] [views:page_not_found] [ERROR]- -------------------->404 error<--------------------
[2019-06-05 07:54:25,030] [views.py:111] [views:page_not_found] [ERROR]- -------------------->404 error<--------------------
[2019-06-05 08:05:34,888] [views.py:111] [views:page_not_found] [ERROR]- -------------------->404 error<--------------------
[2019-06-05 08:49:53,017] [views.py:111] [views:page_not_found] [ERROR]- -------------------->404 error<--------------------
[2019-06-05 08:56:19,017] [views.py:111] [views:page_not_found] [ERROR]- -------------------->404 error<--------------------
[2019-06-05 10:01:25,440] [views.py:942] [views:plan_update] [ERROR]- 计划 1231 中的 用例 2 已被删除！！！
[2019-06-05 10:01:28,050] [execute.py:48] [execute:test_case] [ERROR]- 用例 2 已被删除！
[2019-06-05 10:34:16,312] [views.py:117] [views:server_error] [ERROR]- -------------------->500 error<--------------------
[2019-06-05 10:38:55,816] [views.py:117] [views:server_error] [ERROR]- -------------------->500 error<--------------------
[2019-06-05 10:39:13,608] [views.py:117] [views:server_error] [ERROR]- -------------------->500 error<--------------------
[2019-06-05 10:39:29,967] [views.py:117] [views:server_error] [ERROR]- -------------------->500 error<--------------------
[2019-06-05 10:39:38,607] [views.py:117] [views:server_error] [ERROR]- -------------------->500 error<--------------------
[2019-06-05 10:39:42,848] [views.py:117] [views:server_error] [ERROR]- -------------------->500 error<--------------------
[2019-06-05 10:39:58,815] [views.py:117] [views:server_error] [ERROR]- -------------------->500 error<--------------------
[2019-06-05 11:06:31,388] [views.py:111] [views:page_not_found] [ERROR]- -------------------->404 error<--------------------
